Using pre-set license
Built from '2020.3/staging' branch; Version is '2020.3.9f1 (108be757e447) revision 1084391'; Using compiler version '192528614'; Build Type 'Release'
OS: 'Windows 10 Pro; OS build 19042.1288; Version 2009; 64bit' Language: 'en' Physical Memory: 32677 MB
BatchMode: 1, IsHumanControllingUs: 0, StartBugReporterOnCrash: 0, Is64bit: 1, IsPro: 0

 COMMAND LINE ARGUMENTS:
C:\Program Files\Unity\Hub\Editor\2020.3.9f1\Editor\Unity.exe
-adb2
-batchMode
-noUpm
-name
AssetImportWorker0
-projectPath
S:/Myles_Final/Myles_final
-logFile
Logs/AssetImportWorker0.log
-srvPort
60179
Successfully changed project path to: S:/Myles_Final/Myles_final
S:/Myles_Final/Myles_final
Using Asset Import Pipeline V2.
Refreshing native plugins compatible for Editor in 50.40 ms, found 3 plugins.
Preloading 1 native plugins for Editor in 0.81 ms.
Initialize engine version: 2020.3.9f1 (108be757e447)
[Subsystems] Discovering subsystems at path C:/Program Files/Unity/Hub/Editor/2020.3.9f1/Editor/Data/Resources/UnitySubsystems
[Subsystems] Discovering subsystems at path S:/Myles_Final/Myles_final/Assets
GfxDevice: creating device client; threaded=0
Direct3D:
    Version:  Direct3D 11.0 [level 11.1]
    Renderer: AMD Radeon RX 5700 (ID=0x731f)
    Vendor:   
    VRAM:     8151 MB
    Driver:   27.20.21003.8013
Initialize mono
Mono path[0] = 'C:/Program Files/Unity/Hub/Editor/2020.3.9f1/Editor/Data/Managed'
Mono path[1] = 'C:/Program Files/Unity/Hub/Editor/2020.3.9f1/Editor/Data/MonoBleedingEdge/lib/mono/unityjit'
Mono config path = 'C:/Program Files/Unity/Hub/Editor/2020.3.9f1/Editor/Data/MonoBleedingEdge/etc'
Using monoOptions --debugger-agent=transport=dt_socket,embedding=1,server=y,suspend=n,address=127.0.0.1:56000
Begin MonoManager ReloadAssembly
Registering precompiled unity dll's ...
Register platform support module: C:/Program Files/Unity/Hub/Editor/2020.3.9f1/Editor/Data/PlaybackEngines/WindowsStandaloneSupport/UnityEditor.WindowsStandalone.Extensions.dll
Registered in 0.001774 seconds.
Native extension for WindowsStandalone target not found
Refreshing native plugins compatible for Editor in 53.66 ms, found 3 plugins.
Preloading 1 native plugins for Editor in 0.08 ms.
Mono: successfully reloaded assembly
- Completed reload, in  1.532 seconds
Platform modules already initialized, skipping
Registering precompiled user dll's ...
Registered in 0.001309 seconds.
Begin MonoManager ReloadAssembly
Native extension for WindowsStandalone target not found
Refreshing native plugins compatible for Editor in 51.44 ms, found 3 plugins.
Preloading 1 native plugins for Editor in 0.06 ms.
[XR] OculusXRPlugin: registering subsystems
[XR] Unable to register display lifecyle provider: [1]
[XR] Oculus Input lifecycle provider registered.
[XR] Unable to register input lifecyle provider: [1]
NullReferenceException: Object reference not set to an instance of an object
  at Unity.XR.Oculus.OculusLoader.AssetPathToAbsolutePath (System.String assetPath) [0x00048] in S:\Myles_Final\Myles_final\Library\PackageCache\com.unity.xr.oculus@1.9.1\Runtime\OculusLoader.cs:249 
  at Unity.XR.Oculus.OculusLoader.EditorLoadOVRPlugin () [0x0007b] in S:\Myles_Final\Myles_final\Library\PackageCache\com.unity.xr.oculus@1.9.1\Runtime\OculusLoader.cs:234 

(Filename: Library/PackageCache/com.unity.xr.oculus@1.9.1/Runtime/OculusLoader.cs Line: 249)

Mono: successfully reloaded assembly
- Completed reload, in  0.905 seconds
Platform modules already initialized, skipping
========================================================================
Worker process is ready to serve import requests
Shader 'Universal Render Pipeline/Particles/Lit': fallback shader 'Universal Render Pipeline/Particles/SimpleLit' not found
Shader 'Universal Render Pipeline/Particles/Lit': fallback shader 'Universal Render Pipeline/Particles/SimpleLit' not found
Launched and connected shader compiler UnityShaderCompiler.exe after 0.05 seconds
Refreshing native plugins compatible for Editor in 0.73 ms, found 3 plugins.
Preloading 1 native plugins for Editor in 0.05 ms.
Unloading 3325 Unused Serialized files (Serialized files now loaded: 0)
System memory in use before: 150.9 MB.
System memory in use after: 148.1 MB.

Unloading 49 unused Assets to reduce memory usage. Loaded Objects now: 3738.
Total: 4.493600 ms (FindLiveObjects: 0.424000 ms CreateObjectMapping: 0.249600 ms MarkObjects: 2.512300 ms  DeleteObjects: 1.305800 ms)

========================================================================
Received Import Request.
  path: Assets/VRHands/Prefabs/LeftHand.prefab
  artifactKey: Guid(ab39840a387bdf24bbe2f9241b0b60fb) Importer(815301076,1909f56bfc062723c751e8b465ee728b)
Start importing Assets/VRHands/Prefabs/LeftHand.prefab using Guid(ab39840a387bdf24bbe2f9241b0b60fb) Importer(815301076,1909f56bfc062723c751e8b465ee728b)  -> (artifact id: 'c707b92787aa5af215117c3011a695ba') in 0.254389 seconds
  Import took 0.259803 seconds .

========================================================================
Received Import Request.
  Time since last request: 0.000219 seconds.
  path: Assets/VRHands/Prefabs/RightHand.prefab
  artifactKey: Guid(eba56bcd8c65c7f42866c9e4475b8e15) Importer(815301076,1909f56bfc062723c751e8b465ee728b)
Start importing Assets/VRHands/Prefabs/RightHand.prefab using Guid(eba56bcd8c65c7f42866c9e4475b8e15) Importer(815301076,1909f56bfc062723c751e8b465ee728b)  -> (artifact id: '1d2d4387572d6ba7f0f85b0548254399') in 0.035225 seconds
  Import took 0.040240 seconds .

========================================================================
Received Import Request.
  Time since last request: 62.633958 seconds.
  path: Assets/VRHands/Prefabs/LeftHand.prefab
  artifactKey: Guid(ab39840a387bdf24bbe2f9241b0b60fb) Importer(815301076,1909f56bfc062723c751e8b465ee728b)
Start importing Assets/VRHands/Prefabs/LeftHand.prefab using Guid(ab39840a387bdf24bbe2f9241b0b60fb) Importer(815301076,1909f56bfc062723c751e8b465ee728b)  -> (artifact id: 'b62c14f71d2c170d3bb4770853d1532b') in 0.034230 seconds
  Import took 0.041190 seconds .

========================================================================
Received Import Request.
  Time since last request: 5.204813 seconds.
  path: Assets/VRHands/Prefabs/LeftHand.prefab
  artifactKey: Guid(ab39840a387bdf24bbe2f9241b0b60fb) Importer(815301076,1909f56bfc062723c751e8b465ee728b)
Start importing Assets/VRHands/Prefabs/LeftHand.prefab using Guid(ab39840a387bdf24bbe2f9241b0b60fb) Importer(815301076,1909f56bfc062723c751e8b465ee728b)  -> (artifact id: 'd9abef393eae8a394611e7742c3c6504') in 0.028295 seconds
  Import took 0.034028 seconds .

========================================================================
Received Import Request.
  Time since last request: 2.605442 seconds.
  path: Assets/VRHands/Prefabs/LeftHand.prefab
  artifactKey: Guid(ab39840a387bdf24bbe2f9241b0b60fb) Importer(815301076,1909f56bfc062723c751e8b465ee728b)
Start importing Assets/VRHands/Prefabs/LeftHand.prefab using Guid(ab39840a387bdf24bbe2f9241b0b60fb) Importer(815301076,1909f56bfc062723c751e8b465ee728b)  -> (artifact id: 'ec6d4268b6a68e42224d56bdccfac32a') in 0.023240 seconds
  Import took 0.029141 seconds .

========================================================================
Received Import Request.
  Time since last request: 0.003033 seconds.
  path: Assets/VRHands/Prefabs/LeftHand.prefab
  artifactKey: Guid(ab39840a387bdf24bbe2f9241b0b60fb) Importer(815301076,1909f56bfc062723c751e8b465ee728b)
Start importing Assets/VRHands/Prefabs/LeftHand.prefab using Guid(ab39840a387bdf24bbe2f9241b0b60fb) Importer(815301076,1909f56bfc062723c751e8b465ee728b)  -> (artifact id: 'ec6d4268b6a68e42224d56bdccfac32a') in 0.026379 seconds
  Import took 0.032397 seconds .

========================================================================
Received Import Request.
  Time since last request: 7.969949 seconds.
  path: Assets/VRHands/Prefabs/RightHand.prefab
  artifactKey: Guid(eba56bcd8c65c7f42866c9e4475b8e15) Importer(815301076,1909f56bfc062723c751e8b465ee728b)
Start importing Assets/VRHands/Prefabs/RightHand.prefab using Guid(eba56bcd8c65c7f42866c9e4475b8e15) Importer(815301076,1909f56bfc062723c751e8b465ee728b)  -> (artifact id: 'ab3086b0dbf8f4b2f0f2d5e7c5995e63') in 0.028467 seconds
  Import took 0.034710 seconds .

========================================================================
Received Import Request.
  Time since last request: 8.993412 seconds.
  path: Assets/VRHands/Prefabs/RightHand.prefab
  artifactKey: Guid(eba56bcd8c65c7f42866c9e4475b8e15) Importer(815301076,1909f56bfc062723c751e8b465ee728b)
Start importing Assets/VRHands/Prefabs/RightHand.prefab using Guid(eba56bcd8c65c7f42866c9e4475b8e15) Importer(815301076,1909f56bfc062723c751e8b465ee728b)  -> (artifact id: 'cfafe1ea9fd473dcd2590dd5dba01cea') in 0.027138 seconds
  Import took 0.033156 seconds .

========================================================================
Received Import Request.
  Time since last request: 5.009360 seconds.
  path: Assets/VRHands/Prefabs/RightHand.prefab
  artifactKey: Guid(eba56bcd8c65c7f42866c9e4475b8e15) Importer(815301076,1909f56bfc062723c751e8b465ee728b)
Start importing Assets/VRHands/Prefabs/RightHand.prefab using Guid(eba56bcd8c65c7f42866c9e4475b8e15) Importer(815301076,1909f56bfc062723c751e8b465ee728b)  -> (artifact id: '2489750804fe490d562c492a739d8e81') in 0.024577 seconds
  Import took 0.030357 seconds .

========================================================================
Received Prepare
Registering precompiled user dll's ...
Registered in 0.001755 seconds.
Begin MonoManager ReloadAssembly
Native extension for WindowsStandalone target not found
Refreshing native plugins compatible for Editor in 0.77 ms, found 3 plugins.
Preloading 1 native plugins for Editor in 0.06 ms.
NullReferenceException: Object reference not set to an instance of an object
  at Unity.XR.Oculus.OculusLoader.AssetPathToAbsolutePath (System.String assetPath) [0x00048] in S:\Myles_Final\Myles_final\Library\PackageCache\com.unity.xr.oculus@1.9.1\Runtime\OculusLoader.cs:249 
  at Unity.XR.Oculus.OculusLoader.EditorLoadOVRPlugin () [0x0007b] in S:\Myles_Final\Myles_final\Library\PackageCache\com.unity.xr.oculus@1.9.1\Runtime\OculusLoader.cs:234 

(Filename: Library/PackageCache/com.unity.xr.oculus@1.9.1/Runtime/OculusLoader.cs Line: 249)

Mono: successfully reloaded assembly
- Completed reload, in  0.862 seconds
Platform modules already initialized, skipping
Shader 'Universal Render Pipeline/Particles/Lit': fallback shader 'Universal Render Pipeline/Particles/SimpleLit' not found
Shader 'Universal Render Pipeline/Particles/Lit': fallback shader 'Universal Render Pipeline/Particles/SimpleLit' not found
Refreshing native plugins compatible for Editor in 0.78 ms, found 3 plugins.
Preloading 1 native plugins for Editor in 0.06 ms.
Unloading 3216 Unused Serialized files (Serialized files now loaded: 0)
System memory in use before: 163.8 MB.
System memory in use after: 161.0 MB.

Unloading 42 unused Assets to reduce memory usage. Loaded Objects now: 3788.
Total: 4.421100 ms (FindLiveObjects: 0.440800 ms CreateObjectMapping: 0.086800 ms MarkObjects: 2.531600 ms  DeleteObjects: 1.360500 ms)

========================================================================
Received Import Request.
  Time since last request: 47.484469 seconds.
  path: Assets/XR/Loaders/Oculus Loader.asset
  artifactKey: Guid(bbb0bdcb067f0184e80ac561126bad0b) Importer(815301076,1909f56bfc062723c751e8b465ee728b)
Start importing Assets/XR/Loaders/Oculus Loader.asset using Guid(bbb0bdcb067f0184e80ac561126bad0b) Importer(815301076,1909f56bfc062723c751e8b465ee728b)  -> (artifact id: '572f4db321ff350cedd0a574e548d2ee') in 0.019423 seconds
  Import took 0.025295 seconds .

========================================================================
Received Import Request.
  Time since last request: 0.000206 seconds.
  path: Assets/XR/Settings/Oculus Settings.asset
  artifactKey: Guid(380cef3785a459849969f3f488ded6c4) Importer(815301076,1909f56bfc062723c751e8b465ee728b)
Start importing Assets/XR/Settings/Oculus Settings.asset using Guid(380cef3785a459849969f3f488ded6c4) Importer(815301076,1909f56bfc062723c751e8b465ee728b)  -> (artifact id: '1626b714350614348b498a0495701699') in 0.006657 seconds
  Import took 0.011200 seconds .

========================================================================
Received Import Request.
  Time since last request: 355.470917 seconds.
  path: Assets/Presets/XR Interaction Toolkit/1.0.0-pre.8/Default Input Actions/XRI Default Input Actions.inputactions
  artifactKey: Guid(c348712bda248c246b8c49b3db54643f) Importer(815301076,1909f56bfc062723c751e8b465ee728b)
Start importing Assets/Presets/XR Interaction Toolkit/1.0.0-pre.8/Default Input Actions/XRI Default Input Actions.inputactions using Guid(c348712bda248c246b8c49b3db54643f) Importer(815301076,1909f56bfc062723c751e8b465ee728b)  -> (artifact id: '902c64403ebcaf13e8a2ba1496c4769f') in 0.013726 seconds
  Import took 0.020176 seconds .

========================================================================
Received Prepare
Registering precompiled user dll's ...
Registered in 0.001756 seconds.
Begin MonoManager ReloadAssembly
Native extension for WindowsStandalone target not found
Refreshing native plugins compatible for Editor in 0.73 ms, found 3 plugins.
Preloading 1 native plugins for Editor in 0.06 ms.
NullReferenceException: Object reference not set to an instance of an object
  at Unity.XR.Oculus.OculusLoader.AssetPathToAbsolutePath (System.String assetPath) [0x00048] in S:\Myles_Final\Myles_final\Library\PackageCache\com.unity.xr.oculus@1.9.1\Runtime\OculusLoader.cs:249 
  at Unity.XR.Oculus.OculusLoader.EditorLoadOVRPlugin () [0x0007b] in S:\Myles_Final\Myles_final\Library\PackageCache\com.unity.xr.oculus@1.9.1\Runtime\OculusLoader.cs:234 

(Filename: Library/PackageCache/com.unity.xr.oculus@1.9.1/Runtime/OculusLoader.cs Line: 249)

Mono: successfully reloaded assembly
- Completed reload, in  0.850 seconds
Platform modules already initialized, skipping
Shader 'Universal Render Pipeline/Particles/Lit': fallback shader 'Universal Render Pipeline/Particles/SimpleLit' not found
Shader 'Universal Render Pipeline/Particles/Lit': fallback shader 'Universal Render Pipeline/Particles/SimpleLit' not found
Refreshing native plugins compatible for Editor in 0.75 ms, found 3 plugins.
Preloading 1 native plugins for Editor in 0.05 ms.
Unloading 3216 Unused Serialized files (Serialized files now loaded: 0)
System memory in use before: 163.8 MB.
System memory in use after: 161.1 MB.

Unloading 42 unused Assets to reduce memory usage. Loaded Objects now: 3792.
Total: 4.334200 ms (FindLiveObjects: 0.331800 ms CreateObjectMapping: 0.080700 ms MarkObjects: 2.354200 ms  DeleteObjects: 1.566000 ms)

========================================================================
Received Import Request.
  Time since last request: 139.039218 seconds.
  path: Assets/Presets/Defaults/AlbedoTexture_Default.preset
  artifactKey: Guid(e8537455c6c08bd4e8bf0be3707da685) Importer(815301076,1909f56bfc062723c751e8b465ee728b)
Start importing Assets/Presets/Defaults/AlbedoTexture_Default.preset using Guid(e8537455c6c08bd4e8bf0be3707da685) Importer(815301076,1909f56bfc062723c751e8b465ee728b)  -> (artifact id: 'a39f5c6fcb9ea97bf434963b23d33ea7') in 0.027211 seconds
  Import took 0.032699 seconds .

========================================================================
Received Import Request.
  Time since last request: 0.000206 seconds.
  path: Assets/Presets/Defaults/AudioDecompressOnLoad.preset
  artifactKey: Guid(e7689051185d12f4298e1ebb2693a29f) Importer(815301076,1909f56bfc062723c751e8b465ee728b)
Start importing Assets/Presets/Defaults/AudioDecompressOnLoad.preset using Guid(e7689051185d12f4298e1ebb2693a29f) Importer(815301076,1909f56bfc062723c751e8b465ee728b)  -> (artifact id: '89d1cf06e67cef88edace491fed66d7e') in 0.010827 seconds
  Import took 0.015469 seconds .

========================================================================
Received Prepare
Registering precompiled user dll's ...
Registered in 0.001701 seconds.
Begin MonoManager ReloadAssembly
Native extension for WindowsStandalone target not found
Refreshing native plugins compatible for Editor in 0.73 ms, found 3 plugins.
Preloading 1 native plugins for Editor in 0.06 ms.
NullReferenceException: Object reference not set to an instance of an object
  at Unity.XR.Oculus.OculusLoader.AssetPathToAbsolutePath (System.String assetPath) [0x00048] in S:\Myles_Final\Myles_final\Library\PackageCache\com.unity.xr.oculus@1.9.1\Runtime\OculusLoader.cs:249 
  at Unity.XR.Oculus.OculusLoader.EditorLoadOVRPlugin () [0x0007b] in S:\Myles_Final\Myles_final\Library\PackageCache\com.unity.xr.oculus@1.9.1\Runtime\OculusLoader.cs:234 

(Filename: Library/PackageCache/com.unity.xr.oculus@1.9.1/Runtime/OculusLoader.cs Line: 249)

Mono: successfully reloaded assembly
- Completed reload, in  0.826 seconds
Platform modules already initialized, skipping
Shader 'Universal Render Pipeline/Particles/Lit': fallback shader 'Universal Render Pipeline/Particles/SimpleLit' not found
Shader 'Universal Render Pipeline/Particles/Lit': fallback shader 'Universal Render Pipeline/Particles/SimpleLit' not found
Refreshing native plugins compatible for Editor in 1.03 ms, found 3 plugins.
Preloading 1 native plugins for Editor in 0.06 ms.
Unloading 3216 Unused Serialized files (Serialized files now loaded: 0)
System memory in use before: 163.9 MB.
System memory in use after: 161.1 MB.

Unloading 42 unused Assets to reduce memory usage. Loaded Objects now: 3796.
Total: 4.054600 ms (FindLiveObjects: 0.332500 ms CreateObjectMapping: 0.080800 ms MarkObjects: 2.143400 ms  DeleteObjects: 1.496800 ms)

========================================================================
Received Prepare
Registering precompiled user dll's ...
Registered in 0.001807 seconds.
Begin MonoManager ReloadAssembly
Native extension for WindowsStandalone target not found
Refreshing native plugins compatible for Editor in 0.75 ms, found 3 plugins.
Preloading 1 native plugins for Editor in 0.06 ms.
NullReferenceException: Object reference not set to an instance of an object
  at Unity.XR.Oculus.OculusLoader.AssetPathToAbsolutePath (System.String assetPath) [0x00048] in S:\Myles_Final\Myles_final\Library\PackageCache\com.unity.xr.oculus@1.9.1\Runtime\OculusLoader.cs:249 
  at Unity.XR.Oculus.OculusLoader.EditorLoadOVRPlugin () [0x0007b] in S:\Myles_Final\Myles_final\Library\PackageCache\com.unity.xr.oculus@1.9.1\Runtime\OculusLoader.cs:234 

(Filename: Library/PackageCache/com.unity.xr.oculus@1.9.1/Runtime/OculusLoader.cs Line: 249)

Mono: successfully reloaded assembly
- Completed reload, in  0.828 seconds
Platform modules already initialized, skipping
Shader 'Universal Render Pipeline/Particles/Lit': fallback shader 'Universal Render Pipeline/Particles/SimpleLit' not found
Shader 'Universal Render Pipeline/Particles/Lit': fallback shader 'Universal Render Pipeline/Particles/SimpleLit' not found
Refreshing native plugins compatible for Editor in 0.75 ms, found 3 plugins.
Preloading 1 native plugins for Editor in 0.05 ms.
Unloading 3216 Unused Serialized files (Serialized files now loaded: 0)
System memory in use before: 163.9 MB.
System memory in use after: 161.1 MB.

Unloading 42 unused Assets to reduce memory usage. Loaded Objects now: 3800.
Total: 4.578200 ms (FindLiveObjects: 0.318100 ms CreateObjectMapping: 0.080900 ms MarkObjects: 2.553800 ms  DeleteObjects: 1.623700 ms)

