Using pre-set license
Built from '2020.3/staging' branch; Version is '2020.3.9f1 (108be757e447) revision 1084391'; Using compiler version '192528614'; Build Type 'Release'
OS: 'Windows 10 Pro; OS build 19042.1288; Version 2009; 64bit' Language: 'en' Physical Memory: 32677 MB
BatchMode: 1, IsHumanControllingUs: 0, StartBugReporterOnCrash: 0, Is64bit: 1, IsPro: 0

 COMMAND LINE ARGUMENTS:
C:\Program Files\Unity\Hub\Editor\2020.3.9f1\Editor\Unity.exe
-adb2
-batchMode
-noUpm
-name
AssetImportWorker0
-projectPath
S:/Myles_Final/Myles_final
-logFile
Logs/AssetImportWorker0.log
-srvPort
54241
Successfully changed project path to: S:/Myles_Final/Myles_final
S:/Myles_Final/Myles_final
Using Asset Import Pipeline V2.
Refreshing native plugins compatible for Editor in 46.59 ms, found 3 plugins.
Preloading 1 native plugins for Editor in 0.79 ms.
Initialize engine version: 2020.3.9f1 (108be757e447)
[Subsystems] Discovering subsystems at path C:/Program Files/Unity/Hub/Editor/2020.3.9f1/Editor/Data/Resources/UnitySubsystems
[Subsystems] Discovering subsystems at path S:/Myles_Final/Myles_final/Assets
GfxDevice: creating device client; threaded=0
Direct3D:
    Version:  Direct3D 11.0 [level 11.1]
    Renderer: AMD Radeon RX 5700 (ID=0x731f)
    Vendor:   
    VRAM:     8151 MB
    Driver:   27.20.21003.8013
Initialize mono
Mono path[0] = 'C:/Program Files/Unity/Hub/Editor/2020.3.9f1/Editor/Data/Managed'
Mono path[1] = 'C:/Program Files/Unity/Hub/Editor/2020.3.9f1/Editor/Data/MonoBleedingEdge/lib/mono/unityjit'
Mono config path = 'C:/Program Files/Unity/Hub/Editor/2020.3.9f1/Editor/Data/MonoBleedingEdge/etc'
Using monoOptions --debugger-agent=transport=dt_socket,embedding=1,server=y,suspend=n,address=127.0.0.1:56236
Begin MonoManager ReloadAssembly
Registering precompiled unity dll's ...
Register platform support module: C:/Program Files/Unity/Hub/Editor/2020.3.9f1/Editor/Data/PlaybackEngines/WindowsStandaloneSupport/UnityEditor.WindowsStandalone.Extensions.dll
Registered in 0.001731 seconds.
Native extension for WindowsStandalone target not found
Refreshing native plugins compatible for Editor in 46.98 ms, found 3 plugins.
Preloading 1 native plugins for Editor in 0.06 ms.
Mono: successfully reloaded assembly
- Completed reload, in  1.512 seconds
Platform modules already initialized, skipping
Registering precompiled user dll's ...
Registered in 0.001249 seconds.
Begin MonoManager ReloadAssembly
Native extension for WindowsStandalone target not found
Refreshing native plugins compatible for Editor in 46.61 ms, found 3 plugins.
Preloading 1 native plugins for Editor in 0.07 ms.
[XR] OculusXRPlugin: registering subsystems
[XR] Unable to register display lifecyle provider: [1]
[XR] Oculus Input lifecycle provider registered.
[XR] Unable to register input lifecyle provider: [1]
NullReferenceException: Object reference not set to an instance of an object
  at Unity.XR.Oculus.OculusLoader.AssetPathToAbsolutePath (System.String assetPath) [0x00048] in S:\Myles_Final\Myles_final\Library\PackageCache\com.unity.xr.oculus@1.9.1\Runtime\OculusLoader.cs:249 
  at Unity.XR.Oculus.OculusLoader.EditorLoadOVRPlugin () [0x0007b] in S:\Myles_Final\Myles_final\Library\PackageCache\com.unity.xr.oculus@1.9.1\Runtime\OculusLoader.cs:234 

(Filename: Library/PackageCache/com.unity.xr.oculus@1.9.1/Runtime/OculusLoader.cs Line: 249)

Mono: successfully reloaded assembly
- Completed reload, in  0.918 seconds
Platform modules already initialized, skipping
========================================================================
Worker process is ready to serve import requests
Shader 'Universal Render Pipeline/Particles/Lit': fallback shader 'Universal Render Pipeline/Particles/SimpleLit' not found
Shader 'Universal Render Pipeline/Particles/Lit': fallback shader 'Universal Render Pipeline/Particles/SimpleLit' not found
Launched and connected shader compiler UnityShaderCompiler.exe after 0.06 seconds
Refreshing native plugins compatible for Editor in 0.97 ms, found 3 plugins.
Preloading 1 native plugins for Editor in 0.06 ms.
Unloading 2959 Unused Serialized files (Serialized files now loaded: 0)
System memory in use before: 132.7 MB.
System memory in use after: 129.8 MB.

Unloading 48 unused Assets to reduce memory usage. Loaded Objects now: 3368.
Total: 4.912900 ms (FindLiveObjects: 0.512100 ms CreateObjectMapping: 0.082800 ms MarkObjects: 2.809900 ms  DeleteObjects: 1.506900 ms)

========================================================================
Received Import Request.
  path: Assets/XR/XRGeneralSettings.asset
  artifactKey: Guid(6182786cd48a63e488a881cf035a8901) Importer(815301076,1909f56bfc062723c751e8b465ee728b)
Start importing Assets/XR/XRGeneralSettings.asset using Guid(6182786cd48a63e488a881cf035a8901) Importer(815301076,1909f56bfc062723c751e8b465ee728b)  -> (artifact id: '0fc7a5f7a149a210fac76d1897cdf8d4') in 0.040698 seconds
  Import took 0.045197 seconds .

========================================================================
Received Import Request.
  Time since last request: 117.779364 seconds.
  path: Assets/Prefab/xr rig
  artifactKey: Guid(d66fdd566ae72f44e88eaf3f63e23a2e) Importer(815301076,1909f56bfc062723c751e8b465ee728b)
Start importing Assets/Prefab/xr rig using Guid(d66fdd566ae72f44e88eaf3f63e23a2e) Importer(815301076,1909f56bfc062723c751e8b465ee728b)  -> (artifact id: '8acc6ca3b29fa630d871c2503db69965') in 0.007473 seconds
  Import took 0.012380 seconds .

========================================================================
Received Import Request.
  Time since last request: 0.048912 seconds.
  path: Assets/Prefab/xr rig/XR Rig .prefab
  artifactKey: Guid(57a0b2fe1c0094444978f2bb3d3d460f) Importer(815301076,1909f56bfc062723c751e8b465ee728b)
Start importing Assets/Prefab/xr rig/XR Rig .prefab using Guid(57a0b2fe1c0094444978f2bb3d3d460f) Importer(815301076,1909f56bfc062723c751e8b465ee728b)  -> (artifact id: 'ce3fb580b86aeeaa4c5e7008684c6d26') in 0.030213 seconds
  Import took 0.034719 seconds .

========================================================================
Received Import Request.
  Time since last request: 291.797597 seconds.
  path: Assets/Prefab/Camera Offset.prefab
  artifactKey: Guid(028a760116285694fa1614cf416a3b57) Importer(815301076,1909f56bfc062723c751e8b465ee728b)
Start importing Assets/Prefab/Camera Offset.prefab using Guid(028a760116285694fa1614cf416a3b57) Importer(815301076,1909f56bfc062723c751e8b465ee728b)  -> (artifact id: 'b4b31a1e767c0cad3f54b98609ac76d9') in 0.003689 seconds
  Import took 0.008524 seconds .

========================================================================
Received Import Request.
  Time since last request: 0.000210 seconds.
  path: Assets/Prefab/RightHand Grab .prefab
  artifactKey: Guid(72eebdb419c783d49869f4609ba657b6) Importer(815301076,1909f56bfc062723c751e8b465ee728b)
Start importing Assets/Prefab/RightHand Grab .prefab using Guid(72eebdb419c783d49869f4609ba657b6) Importer(815301076,1909f56bfc062723c751e8b465ee728b)  -> (artifact id: 'd26e129e04e22aa0439bc1e18d5e54dc') in 0.024403 seconds
  Import took 0.029195 seconds .

========================================================================
Received Import Request.
  Time since last request: 0.000217 seconds.
  path: Assets/Prefab/Camera Offset.prefab
  artifactKey: Guid(028a760116285694fa1614cf416a3b57) Importer(815301076,1909f56bfc062723c751e8b465ee728b)
Start importing Assets/Prefab/Camera Offset.prefab using Guid(028a760116285694fa1614cf416a3b57) Importer(815301076,1909f56bfc062723c751e8b465ee728b)  -> (artifact id: 'b4b31a1e767c0cad3f54b98609ac76d9') in 0.003949 seconds
  Import took 0.008455 seconds .

========================================================================
Received Import Request.
  Time since last request: 0.000171 seconds.
  path: Assets/Prefab/XR Rig .prefab
  artifactKey: Guid(57a0b2fe1c0094444978f2bb3d3d460f) Importer(815301076,1909f56bfc062723c751e8b465ee728b)
Start importing Assets/Prefab/XR Rig .prefab using Guid(57a0b2fe1c0094444978f2bb3d3d460f) Importer(815301076,1909f56bfc062723c751e8b465ee728b)  -> (artifact id: '6531dc9ec2c5197c73e2588f97dc1853') in 0.005756 seconds
  Import took 0.009732 seconds .

========================================================================
Received Import Request.
  Time since last request: 0.000196 seconds.
  path: Assets/Prefab/RightHand Remote Grab.prefab
  artifactKey: Guid(d605af461d336eb4d99b6276ac3588a2) Importer(815301076,1909f56bfc062723c751e8b465ee728b)
Start importing Assets/Prefab/RightHand Remote Grab.prefab using Guid(d605af461d336eb4d99b6276ac3588a2) Importer(815301076,1909f56bfc062723c751e8b465ee728b)  -> (artifact id: 'ff75e3e6431cb296d40abef25bda1321') in 0.017926 seconds
  Import took 0.022205 seconds .

========================================================================
Received Import Request.
  Time since last request: 0.000200 seconds.
  path: Assets/Prefab/LeftHand Grab.prefab
  artifactKey: Guid(4c7121a72089e4342b1c94be34652da3) Importer(815301076,1909f56bfc062723c751e8b465ee728b)
Start importing Assets/Prefab/LeftHand Grab.prefab using Guid(4c7121a72089e4342b1c94be34652da3) Importer(815301076,1909f56bfc062723c751e8b465ee728b)  -> (artifact id: '704b6112fb536bd31a9a5a006c1e266c') in 0.004917 seconds
  Import took 0.009808 seconds .

========================================================================
Received Import Request.
  Time since last request: 0.000140 seconds.
  path: Assets/Prefab/LeftHand Remote Grab.prefab
  artifactKey: Guid(b015840901267c2458ef6b63fead5f1e) Importer(815301076,1909f56bfc062723c751e8b465ee728b)
Start importing Assets/Prefab/LeftHand Remote Grab.prefab using Guid(b015840901267c2458ef6b63fead5f1e) Importer(815301076,1909f56bfc062723c751e8b465ee728b)  -> (artifact id: '95fa28fb5fd515d4c668c64103c8ca36') in 0.003685 seconds
  Import took 0.007902 seconds .

========================================================================
Received Import Request.
  Time since last request: 0.000164 seconds.
  path: Assets/Prefab/LeftHand.prefab
  artifactKey: Guid(a9f3dc0c9368c9345bfda4a3d7b048cd) Importer(815301076,1909f56bfc062723c751e8b465ee728b)
Start importing Assets/Prefab/LeftHand.prefab using Guid(a9f3dc0c9368c9345bfda4a3d7b048cd) Importer(815301076,1909f56bfc062723c751e8b465ee728b)  -> (artifact id: '8e7ef262fbe90fd2d762f099f8dae7f9') in 0.002946 seconds
  Import took 0.006859 seconds .

========================================================================
Received Import Request.
  Time since last request: 0.000184 seconds.
  path: Assets/Prefab/RightHand Controller.prefab
  artifactKey: Guid(d0c62e6c0af2b014cbe14d1e50772b32) Importer(815301076,1909f56bfc062723c751e8b465ee728b)
Start importing Assets/Prefab/RightHand Controller.prefab using Guid(d0c62e6c0af2b014cbe14d1e50772b32) Importer(815301076,1909f56bfc062723c751e8b465ee728b)  -> (artifact id: '1613360221fe6377d221e8281c19f8db') in 0.003574 seconds
  Import took 0.007964 seconds .

========================================================================
Received Import Request.
  Time since last request: 0.000187 seconds.
  path: Assets/Prefab/LeftHand Controller.prefab
  artifactKey: Guid(379650643130d6140815c8e8f10de654) Importer(815301076,1909f56bfc062723c751e8b465ee728b)
Start importing Assets/Prefab/LeftHand Controller.prefab using Guid(379650643130d6140815c8e8f10de654) Importer(815301076,1909f56bfc062723c751e8b465ee728b)  -> (artifact id: '8294b8ae49be7c7860ffeeb1fd909199') in 0.003156 seconds
  Import took 0.007134 seconds .

========================================================================
Received Import Request.
  Time since last request: 0.000163 seconds.
  path: Assets/Prefab/Main Camera.prefab
  artifactKey: Guid(9259ab11b83e6fd4988ed1da989e723d) Importer(815301076,1909f56bfc062723c751e8b465ee728b)
Start importing Assets/Prefab/Main Camera.prefab using Guid(9259ab11b83e6fd4988ed1da989e723d) Importer(815301076,1909f56bfc062723c751e8b465ee728b)  -> (artifact id: '74839d672414d792ecac4cfebcaf60c8') in 0.003073 seconds
  Import took 0.007046 seconds .

========================================================================
Received Import Request.
  Time since last request: 0.000134 seconds.
  path: Assets/Prefab/RightHand.prefab
  artifactKey: Guid(1e00235b3a10cd346b0e8fa83d54e597) Importer(815301076,1909f56bfc062723c751e8b465ee728b)
Start importing Assets/Prefab/RightHand.prefab using Guid(1e00235b3a10cd346b0e8fa83d54e597) Importer(815301076,1909f56bfc062723c751e8b465ee728b)  -> (artifact id: '3117072edfb077aae4737e0d2ccd2f43') in 0.002848 seconds
  Import took 0.006617 seconds .

========================================================================
Received Import Request.
  Time since last request: 0.000129 seconds.
  path: Assets/Prefab/XR Interaction Manager.prefab
  artifactKey: Guid(3383edfd2b53c80438f7c05c8178b765) Importer(815301076,1909f56bfc062723c751e8b465ee728b)
Start importing Assets/Prefab/XR Interaction Manager.prefab using Guid(3383edfd2b53c80438f7c05c8178b765) Importer(815301076,1909f56bfc062723c751e8b465ee728b)  -> (artifact id: 'b2efad4b85287ac2d0b6b88e60282988') in 0.002715 seconds
  Import took 0.006273 seconds .

========================================================================
Received Prepare
Registering precompiled user dll's ...
Registered in 0.001574 seconds.
Begin MonoManager ReloadAssembly
Native extension for WindowsStandalone target not found
Refreshing native plugins compatible for Editor in 0.66 ms, found 3 plugins.
Preloading 1 native plugins for Editor in 0.06 ms.
NullReferenceException: Object reference not set to an instance of an object
  at Unity.XR.Oculus.OculusLoader.AssetPathToAbsolutePath (System.String assetPath) [0x00048] in S:\Myles_Final\Myles_final\Library\PackageCache\com.unity.xr.oculus@1.9.1\Runtime\OculusLoader.cs:249 
  at Unity.XR.Oculus.OculusLoader.EditorLoadOVRPlugin () [0x0007b] in S:\Myles_Final\Myles_final\Library\PackageCache\com.unity.xr.oculus@1.9.1\Runtime\OculusLoader.cs:234 

(Filename: Library/PackageCache/com.unity.xr.oculus@1.9.1/Runtime/OculusLoader.cs Line: 249)

Mono: successfully reloaded assembly
- Completed reload, in  0.783 seconds
Platform modules already initialized, skipping
Shader 'Universal Render Pipeline/Particles/Lit': fallback shader 'Universal Render Pipeline/Particles/SimpleLit' not found
Shader 'Universal Render Pipeline/Particles/Lit': fallback shader 'Universal Render Pipeline/Particles/SimpleLit' not found
Refreshing native plugins compatible for Editor in 0.69 ms, found 3 plugins.
Preloading 1 native plugins for Editor in 0.05 ms.
Unloading 2873 Unused Serialized files (Serialized files now loaded: 0)
System memory in use before: 128.8 MB.
System memory in use after: 126.1 MB.

Unloading 41 unused Assets to reduce memory usage. Loaded Objects now: 3373.
Total: 3.723900 ms (FindLiveObjects: 0.310500 ms CreateObjectMapping: 0.072600 ms MarkObjects: 1.894300 ms  DeleteObjects: 1.445100 ms)

========================================================================
Received Import Request.
  Time since last request: 602.289308 seconds.
  path: ProjectSettings/TagManager.asset
  artifactKey: Guid(00000000000000003000000000000000) Importer(815301076,1909f56bfc062723c751e8b465ee728b)
Start importing ProjectSettings/TagManager.asset using Guid(00000000000000003000000000000000) Importer(815301076,1909f56bfc062723c751e8b465ee728b)  -> (artifact id: 'fc42e30003074059bef8fb59cba1b257') in 0.017383 seconds
  Import took 0.022137 seconds .

========================================================================
Received Import Request.
  Time since last request: 333.862132 seconds.
  path: Assets/VRHands/Models
  artifactKey: Guid(13f3c172713f5ae499e95c37c167bec5) Importer(815301076,1909f56bfc062723c751e8b465ee728b)
Start importing Assets/VRHands/Models using Guid(13f3c172713f5ae499e95c37c167bec5) Importer(815301076,1909f56bfc062723c751e8b465ee728b)  -> (artifact id: '1d6f8cc68de9159887bf931deb3292ac') in 0.006300 seconds
  Import took 0.011223 seconds .

========================================================================
Received Import Request.
  Time since last request: 0.063906 seconds.
  path: Assets/VRHands/Models/LeftHand.fbx
  artifactKey: Guid(f07ea9a53ebf41d4cacd52e5f60716bb) Importer(815301076,1909f56bfc062723c751e8b465ee728b)
Start importing Assets/VRHands/Models/LeftHand.fbx using Guid(f07ea9a53ebf41d4cacd52e5f60716bb) Importer(815301076,1909f56bfc062723c751e8b465ee728b)  -> (artifact id: 'c2944bfaa618fa0cbe0e0d65060016b0') in 0.439009 seconds
  Import took 0.443815 seconds .

========================================================================
Received Import Request.
  Time since last request: 0.000184 seconds.
  path: Assets/VRHands/Models/RightHand.fbx
  artifactKey: Guid(d6dda48e280782f4db7a87565b23d251) Importer(815301076,1909f56bfc062723c751e8b465ee728b)
Start importing Assets/VRHands/Models/RightHand.fbx using Guid(d6dda48e280782f4db7a87565b23d251) Importer(815301076,1909f56bfc062723c751e8b465ee728b)  -> (artifact id: 'd645aa2b3c1dc06d89208f79fcd25075') in 0.021901 seconds
  Import took 0.025980 seconds .

========================================================================
Received Import Request.
  Time since last request: 0.001309 seconds.
  path: Assets/VRHands/Models/RightHand.fbx
  artifactKey: Guid(d6dda48e280782f4db7a87565b23d251) Importer(815301076,1909f56bfc062723c751e8b465ee728b)
Start importing Assets/VRHands/Models/RightHand.fbx using Guid(d6dda48e280782f4db7a87565b23d251) Importer(815301076,1909f56bfc062723c751e8b465ee728b)  -> (artifact id: 'd645aa2b3c1dc06d89208f79fcd25075') in 0.014890 seconds
  Import took 0.019285 seconds .

========================================================================
Received Import Request.
  Time since last request: 77.123079 seconds.
  path: Assets/zSample/ExampleAssets/Models/Workbench.fbx
  artifactKey: Guid(efe9381559c516743bd05cef82f39ebb) Importer(815301076,1909f56bfc062723c751e8b465ee728b)
Start importing Assets/zSample/ExampleAssets/Models/Workbench.fbx using Guid(efe9381559c516743bd05cef82f39ebb) Importer(815301076,1909f56bfc062723c751e8b465ee728b)  -> (artifact id: '9763579b58169ef327fd8d483de42484') in 0.328307 seconds
  Import took 0.333328 seconds .

========================================================================
Received Import Request.
  Time since last request: 0.000177 seconds.
  path: Assets/zSample/ExampleAssets/Models/hammer_low.fbx
  artifactKey: Guid(68a66fb5a71f8204a8dcb613c97d1fa8) Importer(815301076,1909f56bfc062723c751e8b465ee728b)
Start importing Assets/zSample/ExampleAssets/Models/hammer_low.fbx using Guid(68a66fb5a71f8204a8dcb613c97d1fa8) Importer(815301076,1909f56bfc062723c751e8b465ee728b)  -> (artifact id: 'a0098d2334523c92cc3d702ca4ee63b2') in 0.017166 seconds
  Import took 0.021204 seconds .

========================================================================
Received Import Request.
  Time since last request: 0.000152 seconds.
  path: Assets/zSample/ExampleAssets/Models/safetygoggles_low.fbx
  artifactKey: Guid(6296e48663fd7ad46b1a2af507f871cf) Importer(815301076,1909f56bfc062723c751e8b465ee728b)
Start importing Assets/zSample/ExampleAssets/Models/safetygoggles_low.fbx using Guid(6296e48663fd7ad46b1a2af507f871cf) Importer(815301076,1909f56bfc062723c751e8b465ee728b)  -> (artifact id: '4ae8946a3f99a923f7803907a8c27ead') in 0.198742 seconds
  Import took 0.202773 seconds .

========================================================================
Received Import Request.
  Time since last request: 0.000188 seconds.
  path: Assets/zSample/ExampleAssets/Models/Stud.fbx
  artifactKey: Guid(34624edaccd9d704a95ed404d919b492) Importer(815301076,1909f56bfc062723c751e8b465ee728b)
Start importing Assets/zSample/ExampleAssets/Models/Stud.fbx using Guid(34624edaccd9d704a95ed404d919b492) Importer(815301076,1909f56bfc062723c751e8b465ee728b)  -> (artifact id: 'fb17f227481600cbf7b05869a1581d00') in 0.024186 seconds
  Import took 0.028829 seconds .

========================================================================
Received Import Request.
  Time since last request: 0.000174 seconds.
  path: Assets/zSample/ExampleAssets/Models/jigsaw_low.fbx
  artifactKey: Guid(8b73e8872ca76104bbca4ee2b704a1b4) Importer(815301076,1909f56bfc062723c751e8b465ee728b)
Start importing Assets/zSample/ExampleAssets/Models/jigsaw_low.fbx using Guid(8b73e8872ca76104bbca4ee2b704a1b4) Importer(815301076,1909f56bfc062723c751e8b465ee728b)  -> (artifact id: '87b286f23ab1406b66ffa7fd117ec63a') in 0.018731 seconds
  Import took 0.022825 seconds .

========================================================================
Received Import Request.
  Time since last request: 0.000148 seconds.
  path: Assets/zSample/ExampleAssets/Models/magneticlevel_low.fbx
  artifactKey: Guid(bae110eee250e4b418b188f4ae4e3170) Importer(815301076,1909f56bfc062723c751e8b465ee728b)
Start importing Assets/zSample/ExampleAssets/Models/magneticlevel_low.fbx using Guid(bae110eee250e4b418b188f4ae4e3170) Importer(815301076,1909f56bfc062723c751e8b465ee728b)  -> (artifact id: 'b7daa638a4f61892d85b4e50fee1e849') in 0.027557 seconds
  Import took 0.031561 seconds .

========================================================================
Received Import Request.
  Time since last request: 0.000180 seconds.
  path: Assets/zSample/ExampleAssets/Models/brush_low.fbx
  artifactKey: Guid(aed8c47425ab91f4eb06ce6fe47c3e4e) Importer(815301076,1909f56bfc062723c751e8b465ee728b)
Start importing Assets/zSample/ExampleAssets/Models/brush_low.fbx using Guid(aed8c47425ab91f4eb06ce6fe47c3e4e) Importer(815301076,1909f56bfc062723c751e8b465ee728b)  -> (artifact id: '3e9112836ff5ae65005d884998ee7751') in 0.017563 seconds
  Import took 0.021609 seconds .

========================================================================
Received Import Request.
  Time since last request: 0.000174 seconds.
  path: Assets/zSample/ExampleAssets/Models/paintbucket_low.fbx
  artifactKey: Guid(b451a052397f03c4f8a04d915d1c0492) Importer(815301076,1909f56bfc062723c751e8b465ee728b)
Start importing Assets/zSample/ExampleAssets/Models/paintbucket_low.fbx using Guid(b451a052397f03c4f8a04d915d1c0492) Importer(815301076,1909f56bfc062723c751e8b465ee728b)  -> (artifact id: '3fb120b6ed1c9690f3c18633a9ae2dd0') in 0.040735 seconds
  Import took 0.044791 seconds .

========================================================================
Received Import Request.
  Time since last request: 0.000170 seconds.
  path: Assets/zSample/ExampleAssets/Models/Workshop_Set.fbx
  artifactKey: Guid(47616bd0cda748d4cbedcfc908506b9d) Importer(815301076,1909f56bfc062723c751e8b465ee728b)
Start importing Assets/zSample/ExampleAssets/Models/Workshop_Set.fbx using Guid(47616bd0cda748d4cbedcfc908506b9d) Importer(815301076,1909f56bfc062723c751e8b465ee728b)  -> (artifact id: 'e07793a4d2b03e0e09167bfceb24a94b') in 0.056685 seconds
  Import took 0.060796 seconds .

========================================================================
Received Import Request.
  Time since last request: 0.000172 seconds.
  path: Assets/zSample/ExampleAssets/Models/ConstructionLight_Low.fbx
  artifactKey: Guid(e3ae06a3979f53046aa05330d69de1fa) Importer(815301076,1909f56bfc062723c751e8b465ee728b)
Start importing Assets/zSample/ExampleAssets/Models/ConstructionLight_Low.fbx using Guid(e3ae06a3979f53046aa05330d69de1fa) Importer(815301076,1909f56bfc062723c751e8b465ee728b)  -> (artifact id: '89b2f32173df055a9d31b242b3d5989c') in 0.034843 seconds
  Import took 0.038937 seconds .

========================================================================
Received Import Request.
  Time since last request: 0.000189 seconds.
  path: Assets/zSample/ExampleAssets/Models/Workbench.fbx
  artifactKey: Guid(efe9381559c516743bd05cef82f39ebb) Importer(815301076,1909f56bfc062723c751e8b465ee728b)
Start importing Assets/zSample/ExampleAssets/Models/Workbench.fbx using Guid(efe9381559c516743bd05cef82f39ebb) Importer(815301076,1909f56bfc062723c751e8b465ee728b)  -> (artifact id: '9763579b58169ef327fd8d483de42484') in 0.063858 seconds
  Import took 0.068142 seconds .

========================================================================
Received Import Request.
  Time since last request: 0.000171 seconds.
  path: Assets/zSample/ExampleAssets/Models/Workbench_Low.fbx
  artifactKey: Guid(ff6dc36862fe41641bb21568d92147c9) Importer(815301076,1909f56bfc062723c751e8b465ee728b)
Start importing Assets/zSample/ExampleAssets/Models/Workbench_Low.fbx using Guid(ff6dc36862fe41641bb21568d92147c9) Importer(815301076,1909f56bfc062723c751e8b465ee728b)  -> (artifact id: '5f99d08570cdde3afaf55ae1a8262d9b') in 0.057892 seconds
  Import took 0.061956 seconds .

========================================================================
Received Import Request.
  Time since last request: 0.000178 seconds.
  path: Assets/zSample/ExampleAssets/Models/safetyhat_low.fbx
  artifactKey: Guid(9d0d902f71acfe646a46cb625f815a49) Importer(815301076,1909f56bfc062723c751e8b465ee728b)
Start importing Assets/zSample/ExampleAssets/Models/safetyhat_low.fbx using Guid(9d0d902f71acfe646a46cb625f815a49) Importer(815301076,1909f56bfc062723c751e8b465ee728b)  -> (artifact id: '5935c6193b6a59e066fce2003b46692c') in 0.016108 seconds
  Import took 0.020150 seconds .

========================================================================
Received Import Request.
  Time since last request: 0.000178 seconds.
  path: Assets/zSample/ExampleAssets/Models/small_plane.fbx
  artifactKey: Guid(aeaee610429f51f44981e141eb2a3545) Importer(815301076,1909f56bfc062723c751e8b465ee728b)
Start importing Assets/zSample/ExampleAssets/Models/small_plane.fbx using Guid(aeaee610429f51f44981e141eb2a3545) Importer(815301076,1909f56bfc062723c751e8b465ee728b)  -> (artifact id: 'f21ffefb080f2bc5460e0e031b036c2e') in 0.016949 seconds
  Import took 0.021070 seconds .

========================================================================
Received Import Request.
  Time since last request: 205.095641 seconds.
  path: Assets/Scripts/VignetteApplierScript.cs
  artifactKey: Guid(d677675a648900e4b954950dbbe8f606) Importer(815301076,1909f56bfc062723c751e8b465ee728b)
Start importing Assets/Scripts/VignetteApplierScript.cs using Guid(d677675a648900e4b954950dbbe8f606) Importer(815301076,1909f56bfc062723c751e8b465ee728b)  -> (artifact id: 'dca96b4d459a85349691b1771d81c318') in 0.009237 seconds
  Import took 0.014166 seconds .

========================================================================
Received Prepare
Registering precompiled user dll's ...
Registered in 0.001574 seconds.
Begin MonoManager ReloadAssembly
Native extension for WindowsStandalone target not found
Refreshing native plugins compatible for Editor in 0.68 ms, found 3 plugins.
Preloading 1 native plugins for Editor in 0.06 ms.
NullReferenceException: Object reference not set to an instance of an object
  at Unity.XR.Oculus.OculusLoader.AssetPathToAbsolutePath (System.String assetPath) [0x00048] in S:\Myles_Final\Myles_final\Library\PackageCache\com.unity.xr.oculus@1.9.1\Runtime\OculusLoader.cs:249 
  at Unity.XR.Oculus.OculusLoader.EditorLoadOVRPlugin () [0x0007b] in S:\Myles_Final\Myles_final\Library\PackageCache\com.unity.xr.oculus@1.9.1\Runtime\OculusLoader.cs:234 

(Filename: Library/PackageCache/com.unity.xr.oculus@1.9.1/Runtime/OculusLoader.cs Line: 249)

Mono: successfully reloaded assembly
- Completed reload, in  0.812 seconds
Platform modules already initialized, skipping
Shader 'Universal Render Pipeline/Particles/Lit': fallback shader 'Universal Render Pipeline/Particles/SimpleLit' not found
Shader 'Universal Render Pipeline/Particles/Lit': fallback shader 'Universal Render Pipeline/Particles/SimpleLit' not found
Refreshing native plugins compatible for Editor in 0.69 ms, found 3 plugins.
Preloading 1 native plugins for Editor in 0.06 ms.
Unloading 2874 Unused Serialized files (Serialized files now loaded: 0)
System memory in use before: 148.7 MB.
System memory in use after: 145.9 MB.

Unloading 42 unused Assets to reduce memory usage. Loaded Objects now: 3462.
Total: 3.719800 ms (FindLiveObjects: 0.340300 ms CreateObjectMapping: 0.073000 ms MarkObjects: 2.008100 ms  DeleteObjects: 1.297300 ms)

========================================================================
Received Import Request.
  Time since last request: 86.085232 seconds.
  path: Assets/Prefab/LeftHand.prefab
  artifactKey: Guid(a9f3dc0c9368c9345bfda4a3d7b048cd) Importer(815301076,1909f56bfc062723c751e8b465ee728b)
Start importing Assets/Prefab/LeftHand.prefab using Guid(a9f3dc0c9368c9345bfda4a3d7b048cd) Importer(815301076,1909f56bfc062723c751e8b465ee728b)  -> (artifact id: 'd36bd389c555bd0e4a00ab705c114d60') in 0.022535 seconds
  Import took 0.027253 seconds .

========================================================================
Received Import Request.
  Time since last request: 0.000164 seconds.
  path: Assets/Prefab/RightHand.prefab
  artifactKey: Guid(1e00235b3a10cd346b0e8fa83d54e597) Importer(815301076,1909f56bfc062723c751e8b465ee728b)
Start importing Assets/Prefab/RightHand.prefab using Guid(1e00235b3a10cd346b0e8fa83d54e597) Importer(815301076,1909f56bfc062723c751e8b465ee728b)  -> (artifact id: '82654d1b369d39f37027a85f60cb2c4f') in 0.002734 seconds
  Import took 0.006109 seconds .

========================================================================
Received Import Request.
  Time since last request: 0.000135 seconds.
  path: Assets/Prefab/LeftHand.prefab
  artifactKey: Guid(a9f3dc0c9368c9345bfda4a3d7b048cd) Importer(815301076,1909f56bfc062723c751e8b465ee728b)
Start importing Assets/Prefab/LeftHand.prefab using Guid(a9f3dc0c9368c9345bfda4a3d7b048cd) Importer(815301076,1909f56bfc062723c751e8b465ee728b)  -> (artifact id: 'd36bd389c555bd0e4a00ab705c114d60') in 0.002669 seconds
  Import took 0.006001 seconds .

========================================================================
Received Import Request.
  Time since last request: 0.000621 seconds.
  path: Assets/Prefab/RightHand.prefab
  artifactKey: Guid(1e00235b3a10cd346b0e8fa83d54e597) Importer(815301076,1909f56bfc062723c751e8b465ee728b)
Start importing Assets/Prefab/RightHand.prefab using Guid(1e00235b3a10cd346b0e8fa83d54e597) Importer(815301076,1909f56bfc062723c751e8b465ee728b)  -> (artifact id: '82654d1b369d39f37027a85f60cb2c4f') in 0.002407 seconds
  Import took 0.006108 seconds .

========================================================================
Received Import Request.
  Time since last request: 66.646694 seconds.
  path: Assets/Scripts/VignetteScript.cs
  artifactKey: Guid(560bbb14bf5c3f04e86f02cd0d434829) Importer(815301076,1909f56bfc062723c751e8b465ee728b)
Start importing Assets/Scripts/VignetteScript.cs using Guid(560bbb14bf5c3f04e86f02cd0d434829) Importer(815301076,1909f56bfc062723c751e8b465ee728b)  -> (artifact id: '180ee6b30a5217039f4bc576dc4ae007') in 0.001787 seconds
  Import took 0.006289 seconds .

========================================================================
Received Prepare
Registering precompiled user dll's ...
Registered in 0.002023 seconds.
Begin MonoManager ReloadAssembly
Native extension for WindowsStandalone target not found
Refreshing native plugins compatible for Editor in 0.68 ms, found 3 plugins.
Preloading 1 native plugins for Editor in 0.06 ms.
NullReferenceException: Object reference not set to an instance of an object
  at Unity.XR.Oculus.OculusLoader.AssetPathToAbsolutePath (System.String assetPath) [0x00048] in S:\Myles_Final\Myles_final\Library\PackageCache\com.unity.xr.oculus@1.9.1\Runtime\OculusLoader.cs:249 
  at Unity.XR.Oculus.OculusLoader.EditorLoadOVRPlugin () [0x0007b] in S:\Myles_Final\Myles_final\Library\PackageCache\com.unity.xr.oculus@1.9.1\Runtime\OculusLoader.cs:234 

(Filename: Library/PackageCache/com.unity.xr.oculus@1.9.1/Runtime/OculusLoader.cs Line: 249)

Mono: successfully reloaded assembly
- Completed reload, in  0.794 seconds
Platform modules already initialized, skipping
Shader 'Universal Render Pipeline/Particles/Lit': fallback shader 'Universal Render Pipeline/Particles/SimpleLit' not found
Shader 'Universal Render Pipeline/Particles/Lit': fallback shader 'Universal Render Pipeline/Particles/SimpleLit' not found
Refreshing native plugins compatible for Editor in 0.70 ms, found 3 plugins.
Preloading 1 native plugins for Editor in 0.05 ms.
Unloading 2873 Unused Serialized files (Serialized files now loaded: 0)
System memory in use before: 148.6 MB.
System memory in use after: 145.9 MB.

Unloading 42 unused Assets to reduce memory usage. Loaded Objects now: 3465.
Total: 3.853100 ms (FindLiveObjects: 0.322100 ms CreateObjectMapping: 0.073400 ms MarkObjects: 1.936800 ms  DeleteObjects: 1.519500 ms)

========================================================================
Received Import Request.
  Time since last request: 490.322764 seconds.
  path: Assets/Prefab/LeftHand.prefab
  artifactKey: Guid(a9f3dc0c9368c9345bfda4a3d7b048cd) Importer(815301076,1909f56bfc062723c751e8b465ee728b)
Start importing Assets/Prefab/LeftHand.prefab using Guid(a9f3dc0c9368c9345bfda4a3d7b048cd) Importer(815301076,1909f56bfc062723c751e8b465ee728b)  -> (artifact id: 'a0124032dd82fd777ce430894c55e721') in 0.027790 seconds
  Import took 0.032957 seconds .

========================================================================
Received Import Request.
  Time since last request: 0.000190 seconds.
  path: Assets/Prefab/RightHand.prefab
  artifactKey: Guid(1e00235b3a10cd346b0e8fa83d54e597) Importer(815301076,1909f56bfc062723c751e8b465ee728b)
Start importing Assets/Prefab/RightHand.prefab using Guid(1e00235b3a10cd346b0e8fa83d54e597) Importer(815301076,1909f56bfc062723c751e8b465ee728b)  -> (artifact id: '435429608d66d72a403d6ab7be406c73') in 0.002917 seconds
  Import took 0.006566 seconds .

========================================================================
Received Import Request.
  Time since last request: 128.045791 seconds.
  path: Assets/Prefab/XR Rig .prefab
  artifactKey: Guid(57a0b2fe1c0094444978f2bb3d3d460f) Importer(815301076,1909f56bfc062723c751e8b465ee728b)
Start importing Assets/Prefab/XR Rig .prefab using Guid(57a0b2fe1c0094444978f2bb3d3d460f) Importer(815301076,1909f56bfc062723c751e8b465ee728b)  -> (artifact id: 'b50448247abca2fefabfefb6f4422dc3') in 0.041786 seconds
  Import took 0.046876 seconds .

========================================================================
Received Import Request.
  Time since last request: 27.796080 seconds.
  path: Assets/Scripts
  artifactKey: Guid(02a3527b6b33a924e8ec66aa805ea717) Importer(815301076,1909f56bfc062723c751e8b465ee728b)
Start importing Assets/Scripts using Guid(02a3527b6b33a924e8ec66aa805ea717) Importer(815301076,1909f56bfc062723c751e8b465ee728b)  -> (artifact id: 'f0a913a0049096cde5d6a727232f232f') in 0.005925 seconds
  Import took 0.010840 seconds .

========================================================================
Received Import Request.
  Time since last request: 54.679383 seconds.
  path: Assets/Prefab/Vignette.prefab
  artifactKey: Guid(a043739545c094e42885c90608dd8e40) Importer(815301076,1909f56bfc062723c751e8b465ee728b)
Start importing Assets/Prefab/Vignette.prefab using Guid(a043739545c094e42885c90608dd8e40) Importer(815301076,1909f56bfc062723c751e8b465ee728b)  -> (artifact id: '9776a0a517446d91ade8e47d497df4fe') in 0.003632 seconds
  Import took 0.008119 seconds .

========================================================================
Received Import Request.
  Time since last request: 84.332359 seconds.
  path: Assets/Prefab/Vignette Profile.asset
  artifactKey: Guid(3f234d4b25a7e0c498e968a8e063646e) Importer(815301076,1909f56bfc062723c751e8b465ee728b)
Start importing Assets/Prefab/Vignette Profile.asset using Guid(3f234d4b25a7e0c498e968a8e063646e) Importer(815301076,1909f56bfc062723c751e8b465ee728b)  -> (artifact id: '6c252af8d510e2e12291f5e95b6257fa') in 0.007149 seconds
  Import took 0.011674 seconds .

========================================================================
Received Import Request.
  Time since last request: 3.318162 seconds.
  path: Assets/Prefab/Vignette.prefab
  artifactKey: Guid(a043739545c094e42885c90608dd8e40) Importer(815301076,1909f56bfc062723c751e8b465ee728b)
Start importing Assets/Prefab/Vignette.prefab using Guid(a043739545c094e42885c90608dd8e40) Importer(815301076,1909f56bfc062723c751e8b465ee728b)  -> (artifact id: 'a21129f08640c7283209dae1f4dbe23f') in 0.003029 seconds
  Import took 0.007599 seconds .

========================================================================
Received Import Request.
  Time since last request: 31.762713 seconds.
  path: Assets/Prefab/UI
  artifactKey: Guid(54efb987a5ce1d14795ceffecf2d2f03) Importer(815301076,1909f56bfc062723c751e8b465ee728b)
Start importing Assets/Prefab/UI using Guid(54efb987a5ce1d14795ceffecf2d2f03) Importer(815301076,1909f56bfc062723c751e8b465ee728b)  -> (artifact id: '44b74a687830a3335d1c40a616489767') in 0.005558 seconds
  Import took 0.010037 seconds .

========================================================================
Received Prepare
Registering precompiled user dll's ...
Registered in 0.001589 seconds.
Begin MonoManager ReloadAssembly
Native extension for WindowsStandalone target not found
Refreshing native plugins compatible for Editor in 0.67 ms, found 3 plugins.
Preloading 1 native plugins for Editor in 0.06 ms.
NullReferenceException: Object reference not set to an instance of an object
  at Unity.XR.Oculus.OculusLoader.AssetPathToAbsolutePath (System.String assetPath) [0x00048] in S:\Myles_Final\Myles_final\Library\PackageCache\com.unity.xr.oculus@1.9.1\Runtime\OculusLoader.cs:249 
  at Unity.XR.Oculus.OculusLoader.EditorLoadOVRPlugin () [0x0007b] in S:\Myles_Final\Myles_final\Library\PackageCache\com.unity.xr.oculus@1.9.1\Runtime\OculusLoader.cs:234 

(Filename: Library/PackageCache/com.unity.xr.oculus@1.9.1/Runtime/OculusLoader.cs Line: 249)

Mono: successfully reloaded assembly
- Completed reload, in  0.792 seconds
Platform modules already initialized, skipping
Shader 'Universal Render Pipeline/Particles/Lit': fallback shader 'Universal Render Pipeline/Particles/SimpleLit' not found
Shader 'Universal Render Pipeline/Particles/Lit': fallback shader 'Universal Render Pipeline/Particles/SimpleLit' not found
Refreshing native plugins compatible for Editor in 0.68 ms, found 3 plugins.
Preloading 1 native plugins for Editor in 0.05 ms.
Unloading 2874 Unused Serialized files (Serialized files now loaded: 0)
System memory in use before: 148.8 MB.
System memory in use after: 146.0 MB.

Unloading 41 unused Assets to reduce memory usage. Loaded Objects now: 3470.
Total: 3.990300 ms (FindLiveObjects: 0.321800 ms CreateObjectMapping: 0.078400 ms MarkObjects: 2.031600 ms  DeleteObjects: 1.557200 ms)

========================================================================
Received Prepare
Registering precompiled user dll's ...
Registered in 0.001626 seconds.
Begin MonoManager ReloadAssembly
Native extension for WindowsStandalone target not found
Refreshing native plugins compatible for Editor in 0.70 ms, found 3 plugins.
Preloading 1 native plugins for Editor in 0.06 ms.
NullReferenceException: Object reference not set to an instance of an object
  at Unity.XR.Oculus.OculusLoader.AssetPathToAbsolutePath (System.String assetPath) [0x00048] in S:\Myles_Final\Myles_final\Library\PackageCache\com.unity.xr.oculus@1.9.1\Runtime\OculusLoader.cs:249 
  at Unity.XR.Oculus.OculusLoader.EditorLoadOVRPlugin () [0x0007b] in S:\Myles_Final\Myles_final\Library\PackageCache\com.unity.xr.oculus@1.9.1\Runtime\OculusLoader.cs:234 

(Filename: Library/PackageCache/com.unity.xr.oculus@1.9.1/Runtime/OculusLoader.cs Line: 249)

Mono: successfully reloaded assembly
- Completed reload, in  0.803 seconds
Platform modules already initialized, skipping
Shader 'Universal Render Pipeline/Particles/Lit': fallback shader 'Universal Render Pipeline/Particles/SimpleLit' not found
Shader 'Universal Render Pipeline/Particles/Lit': fallback shader 'Universal Render Pipeline/Particles/SimpleLit' not found
Refreshing native plugins compatible for Editor in 0.72 ms, found 3 plugins.
Preloading 1 native plugins for Editor in 0.05 ms.
Unloading 2875 Unused Serialized files (Serialized files now loaded: 0)
System memory in use before: 148.8 MB.
System memory in use after: 146.0 MB.

Unloading 41 unused Assets to reduce memory usage. Loaded Objects now: 3475.
Total: 3.927000 ms (FindLiveObjects: 0.317800 ms CreateObjectMapping: 0.076200 ms MarkObjects: 1.940900 ms  DeleteObjects: 1.591000 ms)

========================================================================
Received Import Request.
  Time since last request: 130.415460 seconds.
  path: Assets/Scripts/BulletFire.cs
  artifactKey: Guid(44dd362ab78a21040b07eecf4aae119e) Importer(815301076,1909f56bfc062723c751e8b465ee728b)
Start importing Assets/Scripts/BulletFire.cs using Guid(44dd362ab78a21040b07eecf4aae119e) Importer(815301076,1909f56bfc062723c751e8b465ee728b)  -> (artifact id: '27b42dfcd93e0532812ecbdd52fe2c49') in 0.010858 seconds
  Import took 0.016237 seconds .

========================================================================
Received Prepare
Registering precompiled user dll's ...
Registered in 0.001799 seconds.
Begin MonoManager ReloadAssembly
Native extension for WindowsStandalone target not found
Refreshing native plugins compatible for Editor in 0.67 ms, found 3 plugins.
Preloading 1 native plugins for Editor in 0.06 ms.
NullReferenceException: Object reference not set to an instance of an object
  at Unity.XR.Oculus.OculusLoader.AssetPathToAbsolutePath (System.String assetPath) [0x00048] in S:\Myles_Final\Myles_final\Library\PackageCache\com.unity.xr.oculus@1.9.1\Runtime\OculusLoader.cs:249 
  at Unity.XR.Oculus.OculusLoader.EditorLoadOVRPlugin () [0x0007b] in S:\Myles_Final\Myles_final\Library\PackageCache\com.unity.xr.oculus@1.9.1\Runtime\OculusLoader.cs:234 

(Filename: Library/PackageCache/com.unity.xr.oculus@1.9.1/Runtime/OculusLoader.cs Line: 249)

Mono: successfully reloaded assembly
- Completed reload, in  0.785 seconds
Platform modules already initialized, skipping
Shader 'Universal Render Pipeline/Particles/Lit': fallback shader 'Universal Render Pipeline/Particles/SimpleLit' not found
Shader 'Universal Render Pipeline/Particles/Lit': fallback shader 'Universal Render Pipeline/Particles/SimpleLit' not found
Refreshing native plugins compatible for Editor in 0.69 ms, found 3 plugins.
Preloading 1 native plugins for Editor in 0.05 ms.
Unloading 2875 Unused Serialized files (Serialized files now loaded: 0)
System memory in use before: 148.7 MB.
System memory in use after: 146.1 MB.

Unloading 41 unused Assets to reduce memory usage. Loaded Objects now: 3479.
Total: 4.364300 ms (FindLiveObjects: 0.323900 ms CreateObjectMapping: 0.079400 ms MarkObjects: 2.380800 ms  DeleteObjects: 1.579300 ms)

========================================================================
Received Import Request.
  Time since last request: 29.277611 seconds.
  path: Assets/Scripts/BulletFire.cs
  artifactKey: Guid(44dd362ab78a21040b07eecf4aae119e) Importer(815301076,1909f56bfc062723c751e8b465ee728b)
Start importing Assets/Scripts/BulletFire.cs using Guid(44dd362ab78a21040b07eecf4aae119e) Importer(815301076,1909f56bfc062723c751e8b465ee728b)  -> (artifact id: '79cb5c66b2cbd836c11b54193ab731f2') in 0.005300 seconds
  Import took 0.009472 seconds .

========================================================================
Received Import Request.
  Time since last request: 7.186212 seconds.
  path: Assets/Scripts/CannonBall.cs
  artifactKey: Guid(44dd362ab78a21040b07eecf4aae119e) Importer(815301076,1909f56bfc062723c751e8b465ee728b)
Start importing Assets/Scripts/CannonBall.cs using Guid(44dd362ab78a21040b07eecf4aae119e) Importer(815301076,1909f56bfc062723c751e8b465ee728b)  -> (artifact id: '0d30f23f9e2b161210e199aa367e8b52') in 0.006380 seconds
  Import took 0.011193 seconds .

========================================================================
Received Prepare
Registering precompiled user dll's ...
Registered in 0.001541 seconds.
Begin MonoManager ReloadAssembly
Native extension for WindowsStandalone target not found
Refreshing native plugins compatible for Editor in 0.67 ms, found 3 plugins.
Preloading 1 native plugins for Editor in 0.06 ms.
NullReferenceException: Object reference not set to an instance of an object
  at Unity.XR.Oculus.OculusLoader.AssetPathToAbsolutePath (System.String assetPath) [0x00048] in S:\Myles_Final\Myles_final\Library\PackageCache\com.unity.xr.oculus@1.9.1\Runtime\OculusLoader.cs:249 
  at Unity.XR.Oculus.OculusLoader.EditorLoadOVRPlugin () [0x0007b] in S:\Myles_Final\Myles_final\Library\PackageCache\com.unity.xr.oculus@1.9.1\Runtime\OculusLoader.cs:234 

(Filename: Library/PackageCache/com.unity.xr.oculus@1.9.1/Runtime/OculusLoader.cs Line: 249)

Mono: successfully reloaded assembly
- Completed reload, in  0.798 seconds
Platform modules already initialized, skipping
Shader 'Universal Render Pipeline/Particles/Lit': fallback shader 'Universal Render Pipeline/Particles/SimpleLit' not found
Shader 'Universal Render Pipeline/Particles/Lit': fallback shader 'Universal Render Pipeline/Particles/SimpleLit' not found
Refreshing native plugins compatible for Editor in 0.72 ms, found 3 plugins.
Preloading 1 native plugins for Editor in 0.05 ms.
Unloading 2875 Unused Serialized files (Serialized files now loaded: 0)
System memory in use before: 148.8 MB.
System memory in use after: 146.1 MB.

Unloading 41 unused Assets to reduce memory usage. Loaded Objects now: 3483.
Total: 4.043900 ms (FindLiveObjects: 0.331500 ms CreateObjectMapping: 0.101400 ms MarkObjects: 1.986700 ms  DeleteObjects: 1.623300 ms)

========================================================================
Received Import Request.
  Time since last request: 54.727215 seconds.
  path: Assets/Scripts/Bullet.cs
  artifactKey: Guid(cccbd5901c2b1ff419418ad43360d588) Importer(815301076,1909f56bfc062723c751e8b465ee728b)
Start importing Assets/Scripts/Bullet.cs using Guid(cccbd5901c2b1ff419418ad43360d588) Importer(815301076,1909f56bfc062723c751e8b465ee728b)  -> (artifact id: '995292a5e4dd7fec3551d0fc7400739c') in 0.009729 seconds
  Import took 0.014481 seconds .

========================================================================
Received Prepare
Registering precompiled user dll's ...
Registered in 0.001641 seconds.
Begin MonoManager ReloadAssembly
Native extension for WindowsStandalone target not found
Refreshing native plugins compatible for Editor in 0.68 ms, found 3 plugins.
Preloading 1 native plugins for Editor in 0.06 ms.
NullReferenceException: Object reference not set to an instance of an object
  at Unity.XR.Oculus.OculusLoader.AssetPathToAbsolutePath (System.String assetPath) [0x00048] in S:\Myles_Final\Myles_final\Library\PackageCache\com.unity.xr.oculus@1.9.1\Runtime\OculusLoader.cs:249 
  at Unity.XR.Oculus.OculusLoader.EditorLoadOVRPlugin () [0x0007b] in S:\Myles_Final\Myles_final\Library\PackageCache\com.unity.xr.oculus@1.9.1\Runtime\OculusLoader.cs:234 

(Filename: Library/PackageCache/com.unity.xr.oculus@1.9.1/Runtime/OculusLoader.cs Line: 249)

Mono: successfully reloaded assembly
- Completed reload, in  0.800 seconds
Platform modules already initialized, skipping
Shader 'Universal Render Pipeline/Particles/Lit': fallback shader 'Universal Render Pipeline/Particles/SimpleLit' not found
Shader 'Universal Render Pipeline/Particles/Lit': fallback shader 'Universal Render Pipeline/Particles/SimpleLit' not found
Refreshing native plugins compatible for Editor in 0.70 ms, found 3 plugins.
Preloading 1 native plugins for Editor in 0.05 ms.
Unloading 2875 Unused Serialized files (Serialized files now loaded: 0)
System memory in use before: 148.9 MB.
System memory in use after: 146.1 MB.

Unloading 41 unused Assets to reduce memory usage. Loaded Objects now: 3487.
Total: 4.067500 ms (FindLiveObjects: 0.383500 ms CreateObjectMapping: 0.080300 ms MarkObjects: 1.947700 ms  DeleteObjects: 1.655000 ms)

========================================================================
Received Import Request.
  Time since last request: 106.505632 seconds.
  path: Assets/Scripts/Bullet.cs
  artifactKey: Guid(cccbd5901c2b1ff419418ad43360d588) Importer(815301076,1909f56bfc062723c751e8b465ee728b)
Start importing Assets/Scripts/Bullet.cs using Guid(cccbd5901c2b1ff419418ad43360d588) Importer(815301076,1909f56bfc062723c751e8b465ee728b)  -> (artifact id: 'd7ad5a85e07cc8ff69ca95e315277e23') in 0.005237 seconds
  Import took 0.009342 seconds .

========================================================================
Received Import Request.
  Time since last request: 9.003264 seconds.
  path: Assets/Scripts/FireCannon.cs
  artifactKey: Guid(cccbd5901c2b1ff419418ad43360d588) Importer(815301076,1909f56bfc062723c751e8b465ee728b)
Start importing Assets/Scripts/FireCannon.cs using Guid(cccbd5901c2b1ff419418ad43360d588) Importer(815301076,1909f56bfc062723c751e8b465ee728b)  -> (artifact id: 'ea455bed93b7b171693a2527be75a101') in 0.005597 seconds
  Import took 0.010327 seconds .

========================================================================
Received Prepare
Registering precompiled user dll's ...
Registered in 0.001569 seconds.
Begin MonoManager ReloadAssembly
Native extension for WindowsStandalone target not found
Refreshing native plugins compatible for Editor in 0.68 ms, found 3 plugins.
Preloading 1 native plugins for Editor in 0.06 ms.
NullReferenceException: Object reference not set to an instance of an object
  at Unity.XR.Oculus.OculusLoader.AssetPathToAbsolutePath (System.String assetPath) [0x00048] in S:\Myles_Final\Myles_final\Library\PackageCache\com.unity.xr.oculus@1.9.1\Runtime\OculusLoader.cs:249 
  at Unity.XR.Oculus.OculusLoader.EditorLoadOVRPlugin () [0x0007b] in S:\Myles_Final\Myles_final\Library\PackageCache\com.unity.xr.oculus@1.9.1\Runtime\OculusLoader.cs:234 

(Filename: Library/PackageCache/com.unity.xr.oculus@1.9.1/Runtime/OculusLoader.cs Line: 249)

Mono: successfully reloaded assembly
- Completed reload, in  0.808 seconds
Platform modules already initialized, skipping
Shader 'Universal Render Pipeline/Particles/Lit': fallback shader 'Universal Render Pipeline/Particles/SimpleLit' not found
Shader 'Universal Render Pipeline/Particles/Lit': fallback shader 'Universal Render Pipeline/Particles/SimpleLit' not found
Refreshing native plugins compatible for Editor in 0.69 ms, found 3 plugins.
Preloading 1 native plugins for Editor in 0.06 ms.
Unloading 2875 Unused Serialized files (Serialized files now loaded: 0)
System memory in use before: 148.8 MB.
System memory in use after: 146.1 MB.

Unloading 41 unused Assets to reduce memory usage. Loaded Objects now: 3491.
Total: 3.894500 ms (FindLiveObjects: 0.310500 ms CreateObjectMapping: 0.077500 ms MarkObjects: 1.906500 ms  DeleteObjects: 1.598800 ms)

========================================================================
Received Import Request.
  Time since last request: 23.965372 seconds.
  path: Assets/Scripts/Bullet.cs
  artifactKey: Guid(8f92c32277c543b479d697d113fb3859) Importer(815301076,1909f56bfc062723c751e8b465ee728b)
Start importing Assets/Scripts/Bullet.cs using Guid(8f92c32277c543b479d697d113fb3859) Importer(815301076,1909f56bfc062723c751e8b465ee728b)  -> (artifact id: '75d8bb109a5c73487a8e221abf634b71') in 0.005969 seconds
  Import took 0.010555 seconds .

========================================================================
Received Import Request.
  Time since last request: 0.000259 seconds.
  path: Assets/Scripts/Bullet.cs
  artifactKey: Guid(8f92c32277c543b479d697d113fb3859) Importer(815301076,1909f56bfc062723c751e8b465ee728b)
Start importing Assets/Scripts/Bullet.cs using Guid(8f92c32277c543b479d697d113fb3859) Importer(815301076,1909f56bfc062723c751e8b465ee728b)  -> (artifact id: '75d8bb109a5c73487a8e221abf634b71') in 0.001429 seconds
  Import took 0.004709 seconds .

========================================================================
Received Prepare
Registering precompiled user dll's ...
Registered in 0.001761 seconds.
Begin MonoManager ReloadAssembly
Native extension for WindowsStandalone target not found
Refreshing native plugins compatible for Editor in 0.67 ms, found 3 plugins.
Preloading 1 native plugins for Editor in 0.09 ms.
NullReferenceException: Object reference not set to an instance of an object
  at Unity.XR.Oculus.OculusLoader.AssetPathToAbsolutePath (System.String assetPath) [0x00048] in S:\Myles_Final\Myles_final\Library\PackageCache\com.unity.xr.oculus@1.9.1\Runtime\OculusLoader.cs:249 
  at Unity.XR.Oculus.OculusLoader.EditorLoadOVRPlugin () [0x0007b] in S:\Myles_Final\Myles_final\Library\PackageCache\com.unity.xr.oculus@1.9.1\Runtime\OculusLoader.cs:234 

(Filename: Library/PackageCache/com.unity.xr.oculus@1.9.1/Runtime/OculusLoader.cs Line: 249)

Mono: successfully reloaded assembly
- Completed reload, in  0.835 seconds
Platform modules already initialized, skipping
Shader 'Universal Render Pipeline/Particles/Lit': fallback shader 'Universal Render Pipeline/Particles/SimpleLit' not found
Shader 'Universal Render Pipeline/Particles/Lit': fallback shader 'Universal Render Pipeline/Particles/SimpleLit' not found
Refreshing native plugins compatible for Editor in 0.73 ms, found 3 plugins.
Preloading 1 native plugins for Editor in 0.05 ms.
Unloading 2875 Unused Serialized files (Serialized files now loaded: 0)
System memory in use before: 148.9 MB.
System memory in use after: 146.1 MB.

Unloading 41 unused Assets to reduce memory usage. Loaded Objects now: 3495.
Total: 4.042400 ms (FindLiveObjects: 0.357100 ms CreateObjectMapping: 0.073200 ms MarkObjects: 1.968700 ms  DeleteObjects: 1.642200 ms)

========================================================================
Received Import Request.
  Time since last request: 55.591788 seconds.
  path: Assets/Scripts/UI
  artifactKey: Guid(4966f3874c4975b41a4366e77e53428d) Importer(815301076,1909f56bfc062723c751e8b465ee728b)
Start importing Assets/Scripts/UI using Guid(4966f3874c4975b41a4366e77e53428d) Importer(815301076,1909f56bfc062723c751e8b465ee728b)  -> (artifact id: '728466557a7d81568ce77beba18dce01') in 0.005757 seconds
  Import took 0.010384 seconds .

========================================================================
Received Prepare
Registering precompiled user dll's ...
Registered in 0.001618 seconds.
Begin MonoManager ReloadAssembly
Native extension for WindowsStandalone target not found
Refreshing native plugins compatible for Editor in 0.67 ms, found 3 plugins.
Preloading 1 native plugins for Editor in 0.06 ms.
NullReferenceException: Object reference not set to an instance of an object
  at Unity.XR.Oculus.OculusLoader.AssetPathToAbsolutePath (System.String assetPath) [0x00048] in S:\Myles_Final\Myles_final\Library\PackageCache\com.unity.xr.oculus@1.9.1\Runtime\OculusLoader.cs:249 
  at Unity.XR.Oculus.OculusLoader.EditorLoadOVRPlugin () [0x0007b] in S:\Myles_Final\Myles_final\Library\PackageCache\com.unity.xr.oculus@1.9.1\Runtime\OculusLoader.cs:234 

(Filename: Library/PackageCache/com.unity.xr.oculus@1.9.1/Runtime/OculusLoader.cs Line: 249)

Mono: successfully reloaded assembly
- Completed reload, in  0.794 seconds
Platform modules already initialized, skipping
Shader 'Universal Render Pipeline/Particles/Lit': fallback shader 'Universal Render Pipeline/Particles/SimpleLit' not found
Shader 'Universal Render Pipeline/Particles/Lit': fallback shader 'Universal Render Pipeline/Particles/SimpleLit' not found
Refreshing native plugins compatible for Editor in 0.70 ms, found 3 plugins.
Preloading 1 native plugins for Editor in 0.05 ms.
Unloading 2875 Unused Serialized files (Serialized files now loaded: 0)
System memory in use before: 148.8 MB.
System memory in use after: 146.1 MB.

Unloading 41 unused Assets to reduce memory usage. Loaded Objects now: 3499.
Total: 4.107100 ms (FindLiveObjects: 0.360400 ms CreateObjectMapping: 0.074600 ms MarkObjects: 2.031100 ms  DeleteObjects: 1.639600 ms)

========================================================================
Received Prepare
Registering precompiled user dll's ...
Registered in 0.001550 seconds.
Begin MonoManager ReloadAssembly
Native extension for WindowsStandalone target not found
Refreshing native plugins compatible for Editor in 0.69 ms, found 3 plugins.
Preloading 1 native plugins for Editor in 0.06 ms.
NullReferenceException: Object reference not set to an instance of an object
  at Unity.XR.Oculus.OculusLoader.AssetPathToAbsolutePath (System.String assetPath) [0x00048] in S:\Myles_Final\Myles_final\Library\PackageCache\com.unity.xr.oculus@1.9.1\Runtime\OculusLoader.cs:249 
  at Unity.XR.Oculus.OculusLoader.EditorLoadOVRPlugin () [0x0007b] in S:\Myles_Final\Myles_final\Library\PackageCache\com.unity.xr.oculus@1.9.1\Runtime\OculusLoader.cs:234 

(Filename: Library/PackageCache/com.unity.xr.oculus@1.9.1/Runtime/OculusLoader.cs Line: 249)

Mono: successfully reloaded assembly
- Completed reload, in  0.791 seconds
Platform modules already initialized, skipping
Shader 'Universal Render Pipeline/Particles/Lit': fallback shader 'Universal Render Pipeline/Particles/SimpleLit' not found
Shader 'Universal Render Pipeline/Particles/Lit': fallback shader 'Universal Render Pipeline/Particles/SimpleLit' not found
Refreshing native plugins compatible for Editor in 0.73 ms, found 3 plugins.
Preloading 1 native plugins for Editor in 0.05 ms.
Unloading 2875 Unused Serialized files (Serialized files now loaded: 0)
System memory in use before: 148.9 MB.
System memory in use after: 146.1 MB.

Unloading 41 unused Assets to reduce memory usage. Loaded Objects now: 3503.
Total: 3.976100 ms (FindLiveObjects: 0.340900 ms CreateObjectMapping: 0.076600 ms MarkObjects: 1.923400 ms  DeleteObjects: 1.634200 ms)

========================================================================
Received Prepare
Registering precompiled user dll's ...
Registered in 0.001597 seconds.
Begin MonoManager ReloadAssembly
Native extension for WindowsStandalone target not found
Refreshing native plugins compatible for Editor in 0.67 ms, found 3 plugins.
Preloading 1 native plugins for Editor in 0.06 ms.
NullReferenceException: Object reference not set to an instance of an object
  at Unity.XR.Oculus.OculusLoader.AssetPathToAbsolutePath (System.String assetPath) [0x00048] in S:\Myles_Final\Myles_final\Library\PackageCache\com.unity.xr.oculus@1.9.1\Runtime\OculusLoader.cs:249 
  at Unity.XR.Oculus.OculusLoader.EditorLoadOVRPlugin () [0x0007b] in S:\Myles_Final\Myles_final\Library\PackageCache\com.unity.xr.oculus@1.9.1\Runtime\OculusLoader.cs:234 

(Filename: Library/PackageCache/com.unity.xr.oculus@1.9.1/Runtime/OculusLoader.cs Line: 249)

Mono: successfully reloaded assembly
- Completed reload, in  0.792 seconds
Platform modules already initialized, skipping
Shader 'Universal Render Pipeline/Particles/Lit': fallback shader 'Universal Render Pipeline/Particles/SimpleLit' not found
Shader 'Universal Render Pipeline/Particles/Lit': fallback shader 'Universal Render Pipeline/Particles/SimpleLit' not found
Refreshing native plugins compatible for Editor in 0.99 ms, found 3 plugins.
Preloading 1 native plugins for Editor in 0.07 ms.
Unloading 2876 Unused Serialized files (Serialized files now loaded: 0)
System memory in use before: 148.9 MB.
System memory in use after: 146.1 MB.

Unloading 41 unused Assets to reduce memory usage. Loaded Objects now: 3508.
Total: 4.191100 ms (FindLiveObjects: 0.392100 ms CreateObjectMapping: 0.073300 ms MarkObjects: 2.043800 ms  DeleteObjects: 1.680700 ms)

========================================================================
Received Import Request.
  Time since last request: 37.093416 seconds.
  path: Assets/Scripts/radioButton.cs
  artifactKey: Guid(c082f0c993822aa469bb1613890567eb) Importer(815301076,1909f56bfc062723c751e8b465ee728b)
Start importing Assets/Scripts/radioButton.cs using Guid(c082f0c993822aa469bb1613890567eb) Importer(815301076,1909f56bfc062723c751e8b465ee728b)  -> (artifact id: '5a6d06d462ed3d5e1a8841959f026a61') in 0.009657 seconds
  Import took 0.014049 seconds .

========================================================================
Received Import Request.
  Time since last request: 9.905832 seconds.
  path: Assets/Scripts/EventButton.cs
  artifactKey: Guid(c082f0c993822aa469bb1613890567eb) Importer(815301076,1909f56bfc062723c751e8b465ee728b)
Start importing Assets/Scripts/EventButton.cs using Guid(c082f0c993822aa469bb1613890567eb) Importer(815301076,1909f56bfc062723c751e8b465ee728b)  -> (artifact id: '083bc7d140fe9d167172cca9be691131') in 0.005693 seconds
  Import took 0.010540 seconds .

========================================================================
Received Prepare
Registering precompiled user dll's ...
Registered in 0.001577 seconds.
Begin MonoManager ReloadAssembly
Native extension for WindowsStandalone target not found
Refreshing native plugins compatible for Editor in 0.73 ms, found 3 plugins.
Preloading 1 native plugins for Editor in 0.06 ms.
NullReferenceException: Object reference not set to an instance of an object
  at Unity.XR.Oculus.OculusLoader.AssetPathToAbsolutePath (System.String assetPath) [0x00048] in S:\Myles_Final\Myles_final\Library\PackageCache\com.unity.xr.oculus@1.9.1\Runtime\OculusLoader.cs:249 
  at Unity.XR.Oculus.OculusLoader.EditorLoadOVRPlugin () [0x0007b] in S:\Myles_Final\Myles_final\Library\PackageCache\com.unity.xr.oculus@1.9.1\Runtime\OculusLoader.cs:234 

(Filename: Library/PackageCache/com.unity.xr.oculus@1.9.1/Runtime/OculusLoader.cs Line: 249)

Mono: successfully reloaded assembly
- Completed reload, in  0.815 seconds
Platform modules already initialized, skipping
Shader 'Universal Render Pipeline/Particles/Lit': fallback shader 'Universal Render Pipeline/Particles/SimpleLit' not found
Shader 'Universal Render Pipeline/Particles/Lit': fallback shader 'Universal Render Pipeline/Particles/SimpleLit' not found
Refreshing native plugins compatible for Editor in 0.72 ms, found 3 plugins.
Preloading 1 native plugins for Editor in 0.05 ms.
Unloading 2876 Unused Serialized files (Serialized files now loaded: 0)
System memory in use before: 148.9 MB.
System memory in use after: 146.2 MB.

Unloading 41 unused Assets to reduce memory usage. Loaded Objects now: 3512.
Total: 4.632600 ms (FindLiveObjects: 0.360500 ms CreateObjectMapping: 0.079800 ms MarkObjects: 2.182700 ms  DeleteObjects: 2.008200 ms)

========================================================================
Received Prepare
Registering precompiled user dll's ...
Registered in 0.001651 seconds.
Begin MonoManager ReloadAssembly
Native extension for WindowsStandalone target not found
Refreshing native plugins compatible for Editor in 0.70 ms, found 3 plugins.
Preloading 1 native plugins for Editor in 0.06 ms.
NullReferenceException: Object reference not set to an instance of an object
  at Unity.XR.Oculus.OculusLoader.AssetPathToAbsolutePath (System.String assetPath) [0x00048] in S:\Myles_Final\Myles_final\Library\PackageCache\com.unity.xr.oculus@1.9.1\Runtime\OculusLoader.cs:249 
  at Unity.XR.Oculus.OculusLoader.EditorLoadOVRPlugin () [0x0007b] in S:\Myles_Final\Myles_final\Library\PackageCache\com.unity.xr.oculus@1.9.1\Runtime\OculusLoader.cs:234 

(Filename: Library/PackageCache/com.unity.xr.oculus@1.9.1/Runtime/OculusLoader.cs Line: 249)

Mono: successfully reloaded assembly
- Completed reload, in  0.799 seconds
Platform modules already initialized, skipping
Shader 'Universal Render Pipeline/Particles/Lit': fallback shader 'Universal Render Pipeline/Particles/SimpleLit' not found
Shader 'Universal Render Pipeline/Particles/Lit': fallback shader 'Universal Render Pipeline/Particles/SimpleLit' not found
Refreshing native plugins compatible for Editor in 0.78 ms, found 3 plugins.
Preloading 1 native plugins for Editor in 0.07 ms.
Unloading 2876 Unused Serialized files (Serialized files now loaded: 0)
System memory in use before: 148.9 MB.
System memory in use after: 146.2 MB.

Unloading 41 unused Assets to reduce memory usage. Loaded Objects now: 3516.
Total: 4.970800 ms (FindLiveObjects: 0.394300 ms CreateObjectMapping: 0.077200 ms MarkObjects: 2.699600 ms  DeleteObjects: 1.797900 ms)

========================================================================
Received Import Request.
  Time since last request: 89.591504 seconds.
  path: Assets/Scripts/EventButton.cs
  artifactKey: Guid(c082f0c993822aa469bb1613890567eb) Importer(815301076,1909f56bfc062723c751e8b465ee728b)
Start importing Assets/Scripts/EventButton.cs using Guid(c082f0c993822aa469bb1613890567eb) Importer(815301076,1909f56bfc062723c751e8b465ee728b)  -> (artifact id: '82a9e071c18f917e3e729c3063162275') in 0.006619 seconds
  Import took 0.011620 seconds .

========================================================================
Received Prepare
Registering precompiled user dll's ...
Registered in 0.002086 seconds.
Begin MonoManager ReloadAssembly
Native extension for WindowsStandalone target not found
Refreshing native plugins compatible for Editor in 0.93 ms, found 3 plugins.
Preloading 1 native plugins for Editor in 0.06 ms.
NullReferenceException: Object reference not set to an instance of an object
  at Unity.XR.Oculus.OculusLoader.AssetPathToAbsolutePath (System.String assetPath) [0x00048] in S:\Myles_Final\Myles_final\Library\PackageCache\com.unity.xr.oculus@1.9.1\Runtime\OculusLoader.cs:249 
  at Unity.XR.Oculus.OculusLoader.EditorLoadOVRPlugin () [0x0007b] in S:\Myles_Final\Myles_final\Library\PackageCache\com.unity.xr.oculus@1.9.1\Runtime\OculusLoader.cs:234 

(Filename: Library/PackageCache/com.unity.xr.oculus@1.9.1/Runtime/OculusLoader.cs Line: 249)

Mono: successfully reloaded assembly
- Completed reload, in  0.860 seconds
Platform modules already initialized, skipping
Shader 'Universal Render Pipeline/Particles/Lit': fallback shader 'Universal Render Pipeline/Particles/SimpleLit' not found
Shader 'Universal Render Pipeline/Particles/Lit': fallback shader 'Universal Render Pipeline/Particles/SimpleLit' not found
Refreshing native plugins compatible for Editor in 0.78 ms, found 3 plugins.
Preloading 1 native plugins for Editor in 0.06 ms.
Unloading 3236 Unused Serialized files (Serialized files now loaded: 0)
System memory in use before: 165.3 MB.
System memory in use after: 160.5 MB.

Unloading 64 unused Assets to reduce memory usage. Loaded Objects now: 3859.
Total: 5.078900 ms (FindLiveObjects: 0.373500 ms CreateObjectMapping: 0.082000 ms MarkObjects: 2.087100 ms  DeleteObjects: 2.534900 ms)

========================================================================
Received Import Request.
  Time since last request: 388.518659 seconds.
  path: Packages/com.unity.probuilder
  artifactKey: Guid(0688813bcd53bae104e71054b489a651) Importer(815301076,1909f56bfc062723c751e8b465ee728b)
Start importing Packages/com.unity.probuilder using Guid(0688813bcd53bae104e71054b489a651) Importer(815301076,1909f56bfc062723c751e8b465ee728b)  -> (artifact id: 'f55d894d572ef09f671b499181d871e6') in 0.011385 seconds
  Import took 0.017103 seconds .

========================================================================
Received Import Request.
  Time since last request: 102.851853 seconds.
  path: Assets/Samples/XR Interaction Toolkit
  artifactKey: Guid(c5d57a5bbe987084bb00b54bd0417c25) Importer(815301076,1909f56bfc062723c751e8b465ee728b)
Start importing Assets/Samples/XR Interaction Toolkit using Guid(c5d57a5bbe987084bb00b54bd0417c25) Importer(815301076,1909f56bfc062723c751e8b465ee728b)  -> (artifact id: 'bf4aac9070c53be6fb5e578b7a51f1aa') in 0.005603 seconds
  Import took 0.010811 seconds .

========================================================================
Received Import Request.
  Time since last request: 7.531486 seconds.
  path: Assets/Samples/XR Interaction Toolkit/1.0.0-pre.8
  artifactKey: Guid(39a1621e857698b49b90041d9d3b211f) Importer(815301076,1909f56bfc062723c751e8b465ee728b)
Start importing Assets/Samples/XR Interaction Toolkit/1.0.0-pre.8 using Guid(39a1621e857698b49b90041d9d3b211f) Importer(815301076,1909f56bfc062723c751e8b465ee728b)  -> (artifact id: 'f973e277ac86309799fc84f2f6f84566') in 0.005797 seconds
  Import took 0.010959 seconds .

========================================================================
Received Import Request.
  Time since last request: 0.807112 seconds.
  path: Assets/Samples/XR Interaction Toolkit/1.0.0-pre.8/Default Input Actions
  artifactKey: Guid(2e885c189a6259b46ba62c53ea7bf226) Importer(815301076,1909f56bfc062723c751e8b465ee728b)
Start importing Assets/Samples/XR Interaction Toolkit/1.0.0-pre.8/Default Input Actions using Guid(2e885c189a6259b46ba62c53ea7bf226) Importer(815301076,1909f56bfc062723c751e8b465ee728b)  -> (artifact id: '018208913e13c7d163ffe531a962ce49') in 0.005619 seconds
  Import took 0.010671 seconds .

========================================================================
Received Import Request.
  Time since last request: 0.091591 seconds.
  path: Assets/Samples/XR Interaction Toolkit/1.0.0-pre.8/Default Input Actions/XRI Default Continuous Move.preset
  artifactKey: Guid(91f9da00cfdac5d49955df2d2d820b9c) Importer(815301076,1909f56bfc062723c751e8b465ee728b)
Start importing Assets/Samples/XR Interaction Toolkit/1.0.0-pre.8/Default Input Actions/XRI Default Continuous Move.preset using Guid(91f9da00cfdac5d49955df2d2d820b9c) Importer(815301076,1909f56bfc062723c751e8b465ee728b)  -> (artifact id: '7da3fe9c90d3328ccbda1acb67679066') in 0.022661 seconds
  Import took 0.028056 seconds .

========================================================================
Received Import Request.
  Time since last request: 0.000169 seconds.
  path: Assets/Samples/XR Interaction Toolkit/1.0.0-pre.8/Default Input Actions/XRI Default Left Controller.preset
  artifactKey: Guid(ffd8268f7307a0c48a067dad4a8fe060) Importer(815301076,1909f56bfc062723c751e8b465ee728b)
Start importing Assets/Samples/XR Interaction Toolkit/1.0.0-pre.8/Default Input Actions/XRI Default Left Controller.preset using Guid(ffd8268f7307a0c48a067dad4a8fe060) Importer(815301076,1909f56bfc062723c751e8b465ee728b)  -> (artifact id: '4262c9a3ed65a32472f92dcc7aabada0') in 0.015179 seconds
  Import took 0.019638 seconds .

========================================================================
Received Import Request.
  Time since last request: 0.000156 seconds.
  path: Assets/Samples/XR Interaction Toolkit/1.0.0-pre.8/Default Input Actions/XRI Default Snap Turn.preset
  artifactKey: Guid(18697d253d848974aa7052cba872c9f0) Importer(815301076,1909f56bfc062723c751e8b465ee728b)
Start importing Assets/Samples/XR Interaction Toolkit/1.0.0-pre.8/Default Input Actions/XRI Default Snap Turn.preset using Guid(18697d253d848974aa7052cba872c9f0) Importer(815301076,1909f56bfc062723c751e8b465ee728b)  -> (artifact id: '16670b800db6788a6c2019e24f3b4ddb') in 0.008583 seconds
  Import took 0.013010 seconds .

========================================================================
Received Import Request.
  Time since last request: 0.000165 seconds.
  path: Assets/Samples/XR Interaction Toolkit/1.0.0-pre.8/Default Input Actions/XRI Default Input Actions.inputactions
  artifactKey: Guid(c348712bda248c246b8c49b3db54643f) Importer(815301076,1909f56bfc062723c751e8b465ee728b)
Start importing Assets/Samples/XR Interaction Toolkit/1.0.0-pre.8/Default Input Actions/XRI Default Input Actions.inputactions using Guid(c348712bda248c246b8c49b3db54643f) Importer(815301076,1909f56bfc062723c751e8b465ee728b)  -> (artifact id: '565a5d257633a20480558d53aa10fab0') in 0.013334 seconds
  Import took 0.017729 seconds .

========================================================================
Received Import Request.
  Time since last request: 0.000203 seconds.
  path: Assets/Samples/XR Interaction Toolkit/1.0.0-pre.8/Default Input Actions/XRI Default Continuous Turn.preset
  artifactKey: Guid(0caad3af14f9a414dbdf25ed41e5aa47) Importer(815301076,1909f56bfc062723c751e8b465ee728b)
Start importing Assets/Samples/XR Interaction Toolkit/1.0.0-pre.8/Default Input Actions/XRI Default Continuous Turn.preset using Guid(0caad3af14f9a414dbdf25ed41e5aa47) Importer(815301076,1909f56bfc062723c751e8b465ee728b)  -> (artifact id: 'e4ccefdc474ceb738a43be42fa0dd200') in 0.008511 seconds
  Import took 0.013580 seconds .

========================================================================
Received Import Request.
  Time since last request: 0.000201 seconds.
  path: Assets/Samples/XR Interaction Toolkit/1.0.0-pre.8/Default Input Actions/XRI Default Right Controller.preset
  artifactKey: Guid(1421ad86ff3787b4dae70fe9e699a25f) Importer(815301076,1909f56bfc062723c751e8b465ee728b)
Start importing Assets/Samples/XR Interaction Toolkit/1.0.0-pre.8/Default Input Actions/XRI Default Right Controller.preset using Guid(1421ad86ff3787b4dae70fe9e699a25f) Importer(815301076,1909f56bfc062723c751e8b465ee728b)  -> (artifact id: '8dcadb25ec308300406d5962f5bf2377') in 0.008890 seconds
  Import took 0.014059 seconds .

AssetImportWorkerClient::OnTransportError - code=2 error=End of file
